<?xml version='1.0' encoding='UTF-8' ?>
<testsuite name="" tests="4" failures="1" errors="0" skipped="0" time="123" timestamp="2017-11-21T15:29:56" hostname="localhost">
  <testcase name="test1" classname="com.foo.Class" time="0.0">
    <failure>
      stacktrace
    </failure>
  </testcase>
  <testcase name="test2" classname="com.foo.Class" time="0.0" />
  <testcase name="test3" classname="com.foo.Class" time="0.0" />
  <testcase name="test4" classname="com.foo.Class" time="0.0" />
</testsuite>