$ adb shell am instrument -r -w com.example.test_app.test/androidx.test.runner.AndroidJUnitRunner
INSTRUMENTATION_STATUS: class=com.example.test_app.InstrumentedTest
INSTRUMENTATION_STATUS: current=1
INSTRUMENTATION_STATUS: id=AndroidJUnitRunner
INSTRUMENTATION_STATUS: numtests=29
INSTRUMENTATION_STATUS: stream=
com.example.test_app.InstrumentedTest:
INSTRUMENTATION_STATUS: test=ignoredTestWithIgnore
INSTRUMENTATION_STATUS_CODE: 1
INSTRUMENTATION_STATUS: class=com.example.test_app.InstrumentedTest
INSTRUMENTATION_STATUS: current=1
INSTRUMENTATION_STATUS: id=AndroidJUnitRunner
INSTRUMENTATION_STATUS: numtests=29
INSTRUMENTATION_STATUS: stream=
com.example.test_app.InstrumentedTest:
INSTRUMENTATION_STATUS: test=ignoredTestWithIgnore
INSTRUMENTATION_STATUS_CODE: -3
INSTRUMENTATION_STATUS: class=com.example.test_app.InstrumentedTest
INSTRUMENTATION_STATUS: current=2
INSTRUMENTATION_STATUS: id=AndroidJUnitRunner
INSTRUMENTATION_STATUS: numtests=29
INSTRUMENTATION_STATUS: stream=
INSTRUMENTATION_STATUS: test=test0
INSTRUMENTATION_STATUS_CODE: 1
INSTRUMENTATION_STATUS: class=com.example.test_app.InstrumentedTest
INSTRUMENTATION_STATUS: current=2
INSTRUMENTATION_STATUS: id=AndroidJUnitRunner
INSTRUMENTATION_STATUS: numtests=29
INSTRUMENTATION_STATUS: stack=java.lang.AssertionError
	at org.junit.Assert.fail(Assert.java:86)
	at org.junit.Assert.assertTrue(Assert.java:41)
	at org.junit.Assert.assertTrue(Assert.java:52)
	at com.example.test_app.BaseInstrumentedTest.testMethod(BaseInstrumentedTest.kt:36)
	at com.example.test_app.InstrumentedTest.test0(InstrumentedTest.kt:16)
	at java.lang.reflect.Method.invoke(Native Method)
	at org.junit.runners.model.FrameworkMethod$1.runReflectiveCall(FrameworkMethod.java:50)
	at org.junit.internal.runners.model.ReflectiveCallable.run(ReflectiveCallable.java:12)
	at org.junit.runners.model.FrameworkMethod.invokeExplosively(FrameworkMethod.java:47)
	at org.junit.internal.runners.statements.InvokeMethod.evaluate(InvokeMethod.java:17)
	at androidx.test.rule.GrantPermissionRule$RequestPermissionStatement.evaluate(GrantPermissionRule.java:134)
	at androidx.test.rule.ActivityTestRule$ActivityStatement.evaluate(ActivityTestRule.java:531)
	at com.example.test_app.screenshot.ScreenshotTestRule$apply$1.evaluate(ScreenshotTestRule.kt:58)
	at org.junit.rules.RunRules.evaluate(RunRules.java:20)
	at org.junit.runners.ParentRunner.runLeaf(ParentRunner.java:325)
	at org.junit.runners.BlockJUnit4ClassRunner.runChild(BlockJUnit4ClassRunner.java:78)
	at org.junit.runners.BlockJUnit4ClassRunner.runChild(BlockJUnit4ClassRunner.java:57)
	at org.junit.runners.ParentRunner$3.run(ParentRunner.java:290)
	at org.junit.runners.ParentRunner$1.schedule(ParentRunner.java:71)
	at org.junit.runners.ParentRunner.runChildren(ParentRunner.java:288)
	at org.junit.runners.ParentRunner.access$000(ParentRunner.java:58)
	at org.junit.runners.ParentRunner$2.evaluate(ParentRunner.java:268)
	at org.junit.runners.ParentRunner.run(ParentRunner.java:363)
	at androidx.test.ext.junit.runners.AndroidJUnit4.run(AndroidJUnit4.java:154)
	at org.junit.runners.Suite.runChild(Suite.java:128)
	at org.junit.runners.Suite.runChild(Suite.java:27)
	at org.junit.runners.ParentRunner$3.run(ParentRunner.java:290)
	at org.junit.runners.ParentRunner$1.schedule(ParentRunner.java:71)
	at org.junit.runners.ParentRunner.runChildren(ParentRunner.java:288)
	at org.junit.runners.ParentRunner.access$000(ParentRunner.java:58)
	at org.junit.runners.ParentRunner$2.evaluate(ParentRunner.java:268)
	at org.junit.runners.ParentRunner.run(ParentRunner.java:363)
	at org.junit.runner.JUnitCore.run(JUnitCore.java:137)
	at org.junit.runner.JUnitCore.run(JUnitCore.java:115)
	at androidx.test.internal.runner.TestExecutor.execute(TestExecutor.java:56)
	at androidx.test.runner.AndroidJUnitRunner.onStart(AndroidJUnitRunner.java:395)
	at android.app.Instrumentation$InstrumentationThread.run(Instrumentation.java:2205)

INSTRUMENTATION_STATUS: stream=
Error in test0(com.example.test_app.InstrumentedTest):
java.lang.AssertionError
	at org.junit.Assert.fail(Assert.java:86)
	at org.junit.Assert.assertTrue(Assert.java:41)
	at org.junit.Assert.assertTrue(Assert.java:52)
	at com.example.test_app.BaseInstrumentedTest.testMethod(BaseInstrumentedTest.kt:36)
	at com.example.test_app.InstrumentedTest.test0(InstrumentedTest.kt:16)
	at java.lang.reflect.Method.invoke(Native Method)
	at org.junit.runners.model.FrameworkMethod$1.runReflectiveCall(FrameworkMethod.java:50)
	at org.junit.internal.runners.model.ReflectiveCallable.run(ReflectiveCallable.java:12)
	at org.junit.runners.model.FrameworkMethod.invokeExplosively(FrameworkMethod.java:47)
	at org.junit.internal.runners.statements.InvokeMethod.evaluate(InvokeMethod.java:17)
	at androidx.test.rule.GrantPermissionRule$RequestPermissionStatement.evaluate(GrantPermissionRule.java:134)
	at androidx.test.rule.ActivityTestRule$ActivityStatement.evaluate(ActivityTestRule.java:531)
	at com.example.test_app.screenshot.ScreenshotTestRule$apply$1.evaluate(ScreenshotTestRule.kt:58)
	at org.junit.rules.RunRules.evaluate(RunRules.java:20)
	at org.junit.runners.ParentRunner.runLeaf(ParentRunner.java:325)
	at org.junit.runners.BlockJUnit4ClassRunner.runChild(BlockJUnit4ClassRunner.java:78)
	at org.junit.runners.BlockJUnit4ClassRunner.runChild(BlockJUnit4ClassRunner.java:57)
	at org.junit.runners.ParentRunner$3.run(ParentRunner.java:290)
	at org.junit.runners.ParentRunner$1.schedule(ParentRunner.java:71)
	at org.junit.runners.ParentRunner.runChildren(ParentRunner.java:288)
	at org.junit.runners.ParentRunner.access$000(ParentRunner.java:58)
	at org.junit.runners.ParentRunner$2.evaluate(ParentRunner.java:268)
	at org.junit.runners.ParentRunner.run(ParentRunner.java:363)
	at androidx.test.ext.junit.runners.AndroidJUnit4.run(AndroidJUnit4.java:154)
	at org.junit.runners.Suite.runChild(Suite.java:128)
	at org.junit.runners.Suite.runChild(Suite.java:27)
	at org.junit.runners.ParentRunner$3.run(ParentRunner.java:290)
	at org.junit.runners.ParentRunner$1.schedule(ParentRunner.java:71)
	at org.junit.runners.ParentRunner.runChildren(ParentRunner.java:288)
	at org.junit.runners.ParentRunner.access$000(ParentRunner.java:58)
	at org.junit.runners.ParentRunner$2.evaluate(ParentRunner.java:268)
	at org.junit.runners.ParentRunner.run(ParentRunner.java:363)
	at org.junit.runner.JUnitCore.run(JUnitCore.java:137)
	at org.junit.runner.JUnitCore.run(JUnitCore.java:115)
	at androidx.test.internal.runner.TestExecutor.execute(TestExecutor.java:56)
	at androidx.test.runner.AndroidJUnitRunner.onStart(AndroidJUnitRunner.java:395)
	at android.app.Instrumentation$InstrumentationThread.run(Instrumentation.java:2205)

INSTRUMENTATION_STATUS: test=test0
INSTRUMENTATION_STATUS_CODE: -2
INSTRUMENTATION_STATUS: class=com.example.test_app.InstrumentedTest
INSTRUMENTATION_STATUS: current=3
INSTRUMENTATION_STATUS: id=AndroidJUnitRunner
INSTRUMENTATION_STATUS: numtests=29
INSTRUMENTATION_STATUS: stream=
INSTRUMENTATION_STATUS: test=test1
INSTRUMENTATION_STATUS_CODE: 1
INSTRUMENTATION_STATUS: class=com.example.test_app.InstrumentedTest
INSTRUMENTATION_STATUS: current=3
INSTRUMENTATION_STATUS: id=AndroidJUnitRunner
INSTRUMENTATION_STATUS: numtests=29
INSTRUMENTATION_STATUS: stack=java.lang.AssertionError
	at org.junit.Assert.fail(Assert.java:86)
	at org.junit.Assert.assertTrue(Assert.java:41)
	at org.junit.Assert.assertTrue(Assert.java:52)
	at com.example.test_app.BaseInstrumentedTest.testMethod(BaseInstrumentedTest.kt:36)
	at com.example.test_app.InstrumentedTest.test1(InstrumentedTest.kt:19)
	at java.lang.reflect.Method.invoke(Native Method)
	at org.junit.runners.model.FrameworkMethod$1.runReflectiveCall(FrameworkMethod.java:50)
	at org.junit.internal.runners.model.ReflectiveCallable.run(ReflectiveCallable.java:12)
	at org.junit.runners.model.FrameworkMethod.invokeExplosively(FrameworkMethod.java:47)
	at org.junit.internal.runners.statements.InvokeMethod.evaluate(InvokeMethod.java:17)
	at androidx.test.rule.GrantPermissionRule$RequestPermissionStatement.evaluate(GrantPermissionRule.java:134)
	at androidx.test.rule.ActivityTestRule$ActivityStatement.evaluate(ActivityTestRule.java:531)
	at com.example.test_app.screenshot.ScreenshotTestRule$apply$1.evaluate(ScreenshotTestRule.kt:58)
	at org.junit.rules.RunRules.evaluate(RunRules.java:20)
	at org.junit.runners.ParentRunner.runLeaf(ParentRunner.java:325)
	at org.junit.runners.BlockJUnit4ClassRunner.runChild(BlockJUnit4ClassRunner.java:78)
	at org.junit.runners.BlockJUnit4ClassRunner.runChild(BlockJUnit4ClassRunner.java:57)
	at org.junit.runners.ParentRunner$3.run(ParentRunner.java:290)
	at org.junit.runners.ParentRunner$1.schedule(ParentRunner.java:71)
	at org.junit.runners.ParentRunner.runChildren(ParentRunner.java:288)
	at org.junit.runners.ParentRunner.access$000(ParentRunner.java:58)
	at org.junit.runners.ParentRunner$2.evaluate(ParentRunner.java:268)
	at org.junit.runners.ParentRunner.run(ParentRunner.java:363)
	at androidx.test.ext.junit.runners.AndroidJUnit4.run(AndroidJUnit4.java:154)
	at org.junit.runners.Suite.runChild(Suite.java:128)
	at org.junit.runners.Suite.runChild(Suite.java:27)
	at org.junit.runners.ParentRunner$3.run(ParentRunner.java:290)
	at org.junit.runners.ParentRunner$1.schedule(ParentRunner.java:71)
	at org.junit.runners.ParentRunner.runChildren(ParentRunner.java:288)
	at org.junit.runners.ParentRunner.access$000(ParentRunner.java:58)
	at org.junit.runners.ParentRunner$2.evaluate(ParentRunner.java:268)
	at org.junit.runners.ParentRunner.run(ParentRunner.java:363)
	at org.junit.runner.JUnitCore.run(JUnitCore.java:137)
	at org.junit.runner.JUnitCore.run(JUnitCore.java:115)
	at androidx.test.internal.runner.TestExecutor.execute(TestExecutor.java:56)
	at androidx.test.runner.AndroidJUnitRunner.onStart(AndroidJUnitRunner.java:395)
	at android.app.Instrumentation$InstrumentationThread.run(Instrumentation.java:2205)

INSTRUMENTATION_STATUS: stream=
Error in test1(com.example.test_app.InstrumentedTest):
java.lang.AssertionError
	at org.junit.Assert.fail(Assert.java:86)
	at org.junit.Assert.assertTrue(Assert.java:41)
	at org.junit.Assert.assertTrue(Assert.java:52)
	at com.example.test_app.BaseInstrumentedTest.testMethod(BaseInstrumentedTest.kt:36)
	at com.example.test_app.InstrumentedTest.test1(InstrumentedTest.kt:19)
	at java.lang.reflect.Method.invoke(Native Method)
	at org.junit.runners.model.FrameworkMethod$1.runReflectiveCall(FrameworkMethod.java:50)
	at org.junit.internal.runners.model.ReflectiveCallable.run(ReflectiveCallable.java:12)
	at org.junit.runners.model.FrameworkMethod.invokeExplosively(FrameworkMethod.java:47)
	at org.junit.internal.runners.statements.InvokeMethod.evaluate(InvokeMethod.java:17)
	at androidx.test.rule.GrantPermissionRule$RequestPermissionStatement.evaluate(GrantPermissionRule.java:134)
	at androidx.test.rule.ActivityTestRule$ActivityStatement.evaluate(ActivityTestRule.java:531)
	at com.example.test_app.screenshot.ScreenshotTestRule$apply$1.evaluate(ScreenshotTestRule.kt:58)
	at org.junit.rules.RunRules.evaluate(RunRules.java:20)
	at org.junit.runners.ParentRunner.runLeaf(ParentRunner.java:325)
	at org.junit.runners.BlockJUnit4ClassRunner.runChild(BlockJUnit4ClassRunner.java:78)
	at org.junit.runners.BlockJUnit4ClassRunner.runChild(BlockJUnit4ClassRunner.java:57)
	at org.junit.runners.ParentRunner$3.run(ParentRunner.java:290)
	at org.junit.runners.ParentRunner$1.schedule(ParentRunner.java:71)
	at org.junit.runners.ParentRunner.runChildren(ParentRunner.java:288)
	at org.junit.runners.ParentRunner.access$000(ParentRunner.java:58)
	at org.junit.runners.ParentRunner$2.evaluate(ParentRunner.java:268)
	at org.junit.runners.ParentRunner.run(ParentRunner.java:363)
	at androidx.test.ext.junit.runners.AndroidJUnit4.run(AndroidJUnit4.java:154)
	at org.junit.runners.Suite.runChild(Suite.java:128)
	at org.junit.runners.Suite.runChild(Suite.java:27)
	at org.junit.runners.ParentRunner$3.run(ParentRunner.java:290)
	at org.junit.runners.ParentRunner$1.schedule(ParentRunner.java:71)
	at org.junit.runners.ParentRunner.runChildren(ParentRunner.java:288)
	at org.junit.runners.ParentRunner.access$000(ParentRunner.java:58)
	at org.junit.runners.ParentRunner$2.evaluate(ParentRunner.java:268)
	at org.junit.runners.ParentRunner.run(ParentRunner.java:363)
	at org.junit.runner.JUnitCore.run(JUnitCore.java:137)
	at org.junit.runner.JUnitCore.run(JUnitCore.java:115)
	at androidx.test.internal.runner.TestExecutor.execute(TestExecutor.java:56)
	at androidx.test.runner.AndroidJUnitRunner.onStart(AndroidJUnitRunner.java:395)
	at android.app.Instrumentation$InstrumentationThread.run(Instrumentation.java:2205)

INSTRUMENTATION_STATUS: test=test1
INSTRUMENTATION_STATUS_CODE: -2
INSTRUMENTATION_STATUS: class=com.example.test_app.InstrumentedTest
INSTRUMENTATION_STATUS: current=4
INSTRUMENTATION_STATUS: id=AndroidJUnitRunner
INSTRUMENTATION_STATUS: numtests=29
INSTRUMENTATION_STATUS: stream=
INSTRUMENTATION_STATUS: test=test2
INSTRUMENTATION_STATUS_CODE: 1
INSTRUMENTATION_STATUS: class=com.example.test_app.InstrumentedTest
INSTRUMENTATION_STATUS: current=4
INSTRUMENTATION_STATUS: id=AndroidJUnitRunner
INSTRUMENTATION_STATUS: numtests=29
INSTRUMENTATION_STATUS: stack=java.lang.AssertionError
	at org.junit.Assert.fail(Assert.java:86)
	at org.junit.Assert.assertTrue(Assert.java:41)
	at org.junit.Assert.assertTrue(Assert.java:52)
	at com.example.test_app.BaseInstrumentedTest.testMethod(BaseInstrumentedTest.kt:36)
	at com.example.test_app.InstrumentedTest.test2(InstrumentedTest.kt:22)
	at java.lang.reflect.Method.invoke(Native Method)
	at org.junit.runners.model.FrameworkMethod$1.runReflectiveCall(FrameworkMethod.java:50)
	at org.junit.internal.runners.model.ReflectiveCallable.run(ReflectiveCallable.java:12)
	at org.junit.runners.model.FrameworkMethod.invokeExplosively(FrameworkMethod.java:47)
	at org.junit.internal.runners.statements.InvokeMethod.evaluate(InvokeMethod.java:17)
	at androidx.test.rule.GrantPermissionRule$RequestPermissionStatement.evaluate(GrantPermissionRule.java:134)
	at androidx.test.rule.ActivityTestRule$ActivityStatement.evaluate(ActivityTestRule.java:531)
	at com.example.test_app.screenshot.ScreenshotTestRule$apply$1.evaluate(ScreenshotTestRule.kt:58)
	at org.junit.rules.RunRules.evaluate(RunRules.java:20)
	at org.junit.runners.ParentRunner.runLeaf(ParentRunner.java:325)
	at org.junit.runners.BlockJUnit4ClassRunner.runChild(BlockJUnit4ClassRunner.java:78)
	at org.junit.runners.BlockJUnit4ClassRunner.runChild(BlockJUnit4ClassRunner.java:57)
	at org.junit.runners.ParentRunner$3.run(ParentRunner.java:290)
	at org.junit.runners.ParentRunner$1.schedule(ParentRunner.java:71)
	at org.junit.runners.ParentRunner.runChildren(ParentRunner.java:288)
	at org.junit.runners.ParentRunner.access$000(ParentRunner.java:58)
	at org.junit.runners.ParentRunner$2.evaluate(ParentRunner.java:268)
	at org.junit.runners.ParentRunner.run(ParentRunner.java:363)
	at androidx.test.ext.junit.runners.AndroidJUnit4.run(AndroidJUnit4.java:154)
	at org.junit.runners.Suite.runChild(Suite.java:128)
	at org.junit.runners.Suite.runChild(Suite.java:27)
	at org.junit.runners.ParentRunner$3.run(ParentRunner.java:290)
	at org.junit.runners.ParentRunner$1.schedule(ParentRunner.java:71)
	at org.junit.runners.ParentRunner.runChildren(ParentRunner.java:288)
	at org.junit.runners.ParentRunner.access$000(ParentRunner.java:58)
	at org.junit.runners.ParentRunner$2.evaluate(ParentRunner.java:268)
	at org.junit.runners.ParentRunner.run(ParentRunner.java:363)
	at org.junit.runner.JUnitCore.run(JUnitCore.java:137)
	at org.junit.runner.JUnitCore.run(JUnitCore.java:115)
	at androidx.test.internal.runner.TestExecutor.execute(TestExecutor.java:56)
	at androidx.test.runner.AndroidJUnitRunner.onStart(AndroidJUnitRunner.java:395)
	at android.app.Instrumentation$InstrumentationThread.run(Instrumentation.java:2205)

INSTRUMENTATION_STATUS: stream=
Error in test2(com.example.test_app.InstrumentedTest):
java.lang.AssertionError
	at org.junit.Assert.fail(Assert.java:86)
	at org.junit.Assert.assertTrue(Assert.java:41)
	at org.junit.Assert.assertTrue(Assert.java:52)
	at com.example.test_app.BaseInstrumentedTest.testMethod(BaseInstrumentedTest.kt:36)
	at com.example.test_app.InstrumentedTest.test2(InstrumentedTest.kt:22)
	at java.lang.reflect.Method.invoke(Native Method)
	at org.junit.runners.model.FrameworkMethod$1.runReflectiveCall(FrameworkMethod.java:50)
	at org.junit.internal.runners.model.ReflectiveCallable.run(ReflectiveCallable.java:12)
	at org.junit.runners.model.FrameworkMethod.invokeExplosively(FrameworkMethod.java:47)
	at org.junit.internal.runners.statements.InvokeMethod.evaluate(InvokeMethod.java:17)
	at androidx.test.rule.GrantPermissionRule$RequestPermissionStatement.evaluate(GrantPermissionRule.java:134)
	at androidx.test.rule.ActivityTestRule$ActivityStatement.evaluate(ActivityTestRule.java:531)
	at com.example.test_app.screenshot.ScreenshotTestRule$apply$1.evaluate(ScreenshotTestRule.kt:58)
	at org.junit.rules.RunRules.evaluate(RunRules.java:20)
	at org.junit.runners.ParentRunner.runLeaf(ParentRunner.java:325)
	at org.junit.runners.BlockJUnit4ClassRunner.runChild(BlockJUnit4ClassRunner.java:78)
	at org.junit.runners.BlockJUnit4ClassRunner.runChild(BlockJUnit4ClassRunner.java:57)
	at org.junit.runners.ParentRunner$3.run(ParentRunner.java:290)
	at org.junit.runners.ParentRunner$1.schedule(ParentRunner.java:71)
	at org.junit.runners.ParentRunner.runChildren(ParentRunner.java:288)
	at org.junit.runners.ParentRunner.access$000(ParentRunner.java:58)
	at org.junit.runners.ParentRunner$2.evaluate(ParentRunner.java:268)
	at org.junit.runners.ParentRunner.run(ParentRunner.java:363)
	at androidx.test.ext.junit.runners.AndroidJUnit4.run(AndroidJUnit4.java:154)
	at org.junit.runners.Suite.runChild(Suite.java:128)
	at org.junit.runners.Suite.runChild(Suite.java:27)
	at org.junit.runners.ParentRunner$3.run(ParentRunner.java:290)
	at org.junit.runners.ParentRunner$1.schedule(ParentRunner.java:71)
	at org.junit.runners.ParentRunner.runChildren(ParentRunner.java:288)
	at org.junit.runners.ParentRunner.access$000(ParentRunner.java:58)
	at org.junit.runners.ParentRunner$2.evaluate(ParentRunner.java:268)
	at org.junit.runners.ParentRunner.run(ParentRunner.java:363)
	at org.junit.runner.JUnitCore.run(JUnitCore.java:137)
	at org.junit.runner.JUnitCore.run(JUnitCore.java:115)
	at androidx.test.internal.runner.TestExecutor.execute(TestExecutor.java:56)
	at androidx.test.runner.AndroidJUnitRunner.onStart(AndroidJUnitRunner.java:395)
	at android.app.Instrumentation$InstrumentationThread.run(Instrumentation.java:2205)

INSTRUMENTATION_STATUS: test=test2
INSTRUMENTATION_STATUS_CODE: -2
INSTRUMENTATION_STATUS: class=com.example.test_app.ParameterizedTest
INSTRUMENTATION_STATUS: current=5
INSTRUMENTATION_STATUS: id=AndroidJUnitRunner
INSTRUMENTATION_STATUS: numtests=29
INSTRUMENTATION_STATUS: stream=
com.example.test_app.ParameterizedTest:
INSTRUMENTATION_STATUS: test=shouldHopefullyPass[0]
INSTRUMENTATION_STATUS_CODE: 1
INSTRUMENTATION_STATUS: class=com.example.test_app.ParameterizedTest
INSTRUMENTATION_STATUS: current=5
INSTRUMENTATION_STATUS: id=AndroidJUnitRunner
INSTRUMENTATION_STATUS: numtests=29
INSTRUMENTATION_STATUS: stream=.
INSTRUMENTATION_STATUS: test=shouldHopefullyPass[0]
INSTRUMENTATION_STATUS_CODE: 0
INSTRUMENTATION_STATUS: class=com.example.test_app.ParameterizedTest
INSTRUMENTATION_STATUS: current=6
INSTRUMENTATION_STATUS: id=AndroidJUnitRunner
INSTRUMENTATION_STATUS: numtests=29
INSTRUMENTATION_STATUS: stream=
INSTRUMENTATION_STATUS: test=shouldHopefullyPass[1]
INSTRUMENTATION_STATUS_CODE: 1
INSTRUMENTATION_STATUS: class=com.example.test_app.ParameterizedTest
INSTRUMENTATION_STATUS: current=6
INSTRUMENTATION_STATUS: id=AndroidJUnitRunner
INSTRUMENTATION_STATUS: numtests=29
INSTRUMENTATION_STATUS: stream=.
INSTRUMENTATION_STATUS: test=shouldHopefullyPass[1]
INSTRUMENTATION_STATUS_CODE: 0
INSTRUMENTATION_STATUS: class=com.example.test_app.ParameterizedTest
INSTRUMENTATION_STATUS: current=7
INSTRUMENTATION_STATUS: id=AndroidJUnitRunner
INSTRUMENTATION_STATUS: numtests=29
INSTRUMENTATION_STATUS: stream=
INSTRUMENTATION_STATUS: test=shouldHopefullyPass[2]
INSTRUMENTATION_STATUS_CODE: 1
INSTRUMENTATION_STATUS: class=com.example.test_app.ParameterizedTest
INSTRUMENTATION_STATUS: current=7
INSTRUMENTATION_STATUS: id=AndroidJUnitRunner
INSTRUMENTATION_STATUS: numtests=29
INSTRUMENTATION_STATUS: stream=.
INSTRUMENTATION_STATUS: test=shouldHopefullyPass[2]
INSTRUMENTATION_STATUS_CODE: 0
INSTRUMENTATION_STATUS: class=com.example.test_app.bar.BarInstrumentedTest
INSTRUMENTATION_STATUS: current=8
INSTRUMENTATION_STATUS: id=AndroidJUnitRunner
INSTRUMENTATION_STATUS: numtests=29
INSTRUMENTATION_STATUS: stream=
com.example.test_app.bar.BarInstrumentedTest:
INSTRUMENTATION_STATUS: test=testBar
INSTRUMENTATION_STATUS_CODE: 1
INSTRUMENTATION_STATUS: class=com.example.test_app.bar.BarInstrumentedTest
INSTRUMENTATION_STATUS: current=8
INSTRUMENTATION_STATUS: id=AndroidJUnitRunner
INSTRUMENTATION_STATUS: numtests=29
INSTRUMENTATION_STATUS: stack=java.lang.AssertionError
	at org.junit.Assert.fail(Assert.java:86)
	at org.junit.Assert.assertTrue(Assert.java:41)
	at org.junit.Assert.assertTrue(Assert.java:52)
	at com.example.test_app.BaseInstrumentedTest.testMethod(BaseInstrumentedTest.kt:36)
	at com.example.test_app.bar.BarInstrumentedTest.testBar(BarInstrumentedTest.kt:13)
	at java.lang.reflect.Method.invoke(Native Method)
	at org.junit.runners.model.FrameworkMethod$1.runReflectiveCall(FrameworkMethod.java:50)
	at org.junit.internal.runners.model.ReflectiveCallable.run(ReflectiveCallable.java:12)
	at org.junit.runners.model.FrameworkMethod.invokeExplosively(FrameworkMethod.java:47)
	at org.junit.internal.runners.statements.InvokeMethod.evaluate(InvokeMethod.java:17)
	at androidx.test.rule.GrantPermissionRule$RequestPermissionStatement.evaluate(GrantPermissionRule.java:134)
	at androidx.test.rule.ActivityTestRule$ActivityStatement.evaluate(ActivityTestRule.java:531)
	at com.example.test_app.screenshot.ScreenshotTestRule$apply$1.evaluate(ScreenshotTestRule.kt:58)
	at org.junit.rules.RunRules.evaluate(RunRules.java:20)
	at org.junit.runners.ParentRunner.runLeaf(ParentRunner.java:325)
	at org.junit.runners.BlockJUnit4ClassRunner.runChild(BlockJUnit4ClassRunner.java:78)
	at org.junit.runners.BlockJUnit4ClassRunner.runChild(BlockJUnit4ClassRunner.java:57)
	at org.junit.runners.ParentRunner$3.run(ParentRunner.java:290)
	at org.junit.runners.ParentRunner$1.schedule(ParentRunner.java:71)
	at org.junit.runners.ParentRunner.runChildren(ParentRunner.java:288)
	at org.junit.runners.ParentRunner.access$000(ParentRunner.java:58)
	at org.junit.runners.ParentRunner$2.evaluate(ParentRunner.java:268)
	at org.junit.runners.ParentRunner.run(ParentRunner.java:363)
	at androidx.test.ext.junit.runners.AndroidJUnit4.run(AndroidJUnit4.java:154)
	at org.junit.runners.Suite.runChild(Suite.java:128)
	at org.junit.runners.Suite.runChild(Suite.java:27)
	at org.junit.runners.ParentRunner$3.run(ParentRunner.java:290)
	at org.junit.runners.ParentRunner$1.schedule(ParentRunner.java:71)
	at org.junit.runners.ParentRunner.runChildren(ParentRunner.java:288)
	at org.junit.runners.ParentRunner.access$000(ParentRunner.java:58)
	at org.junit.runners.ParentRunner$2.evaluate(ParentRunner.java:268)
	at org.junit.runners.ParentRunner.run(ParentRunner.java:363)
	at org.junit.runner.JUnitCore.run(JUnitCore.java:137)
	at org.junit.runner.JUnitCore.run(JUnitCore.java:115)
	at androidx.test.internal.runner.TestExecutor.execute(TestExecutor.java:56)
	at androidx.test.runner.AndroidJUnitRunner.onStart(AndroidJUnitRunner.java:395)
	at android.app.Instrumentation$InstrumentationThread.run(Instrumentation.java:2205)

INSTRUMENTATION_STATUS: stream=
Error in testBar(com.example.test_app.bar.BarInstrumentedTest):
java.lang.AssertionError
	at org.junit.Assert.fail(Assert.java:86)
	at org.junit.Assert.assertTrue(Assert.java:41)
	at org.junit.Assert.assertTrue(Assert.java:52)
	at com.example.test_app.BaseInstrumentedTest.testMethod(BaseInstrumentedTest.kt:36)
	at com.example.test_app.bar.BarInstrumentedTest.testBar(BarInstrumentedTest.kt:13)
	at java.lang.reflect.Method.invoke(Native Method)
	at org.junit.runners.model.FrameworkMethod$1.runReflectiveCall(FrameworkMethod.java:50)
	at org.junit.internal.runners.model.ReflectiveCallable.run(ReflectiveCallable.java:12)
	at org.junit.runners.model.FrameworkMethod.invokeExplosively(FrameworkMethod.java:47)
	at org.junit.internal.runners.statements.InvokeMethod.evaluate(InvokeMethod.java:17)
	at androidx.test.rule.GrantPermissionRule$RequestPermissionStatement.evaluate(GrantPermissionRule.java:134)
	at androidx.test.rule.ActivityTestRule$ActivityStatement.evaluate(ActivityTestRule.java:531)
	at com.example.test_app.screenshot.ScreenshotTestRule$apply$1.evaluate(ScreenshotTestRule.kt:58)
	at org.junit.rules.RunRules.evaluate(RunRules.java:20)
	at org.junit.runners.ParentRunner.runLeaf(ParentRunner.java:325)
	at org.junit.runners.BlockJUnit4ClassRunner.runChild(BlockJUnit4ClassRunner.java:78)
	at org.junit.runners.BlockJUnit4ClassRunner.runChild(BlockJUnit4ClassRunner.java:57)
	at org.junit.runners.ParentRunner$3.run(ParentRunner.java:290)
	at org.junit.runners.ParentRunner$1.schedule(ParentRunner.java:71)
	at org.junit.runners.ParentRunner.runChildren(ParentRunner.java:288)
	at org.junit.runners.ParentRunner.access$000(ParentRunner.java:58)
	at org.junit.runners.ParentRunner$2.evaluate(ParentRunner.java:268)
	at org.junit.runners.ParentRunner.run(ParentRunner.java:363)
	at androidx.test.ext.junit.runners.AndroidJUnit4.run(AndroidJUnit4.java:154)
	at org.junit.runners.Suite.runChild(Suite.java:128)
	at org.junit.runners.Suite.runChild(Suite.java:27)
	at org.junit.runners.ParentRunner$3.run(ParentRunner.java:290)
	at org.junit.runners.ParentRunner$1.schedule(ParentRunner.java:71)
	at org.junit.runners.ParentRunner.runChildren(ParentRunner.java:288)
	at org.junit.runners.ParentRunner.access$000(ParentRunner.java:58)
	at org.junit.runners.ParentRunner$2.evaluate(ParentRunner.java:268)
	at org.junit.runners.ParentRunner.run(ParentRunner.java:363)
	at org.junit.runner.JUnitCore.run(JUnitCore.java:137)
	at org.junit.runner.JUnitCore.run(JUnitCore.java:115)
	at androidx.test.internal.runner.TestExecutor.execute(TestExecutor.java:56)
	at androidx.test.runner.AndroidJUnitRunner.onStart(AndroidJUnitRunner.java:395)
	at android.app.Instrumentation$InstrumentationThread.run(Instrumentation.java:2205)

INSTRUMENTATION_STATUS: test=testBar
INSTRUMENTATION_STATUS_CODE: -2
INSTRUMENTATION_STATUS: class=com.example.test_app.bar.BarInstrumentedTest
INSTRUMENTATION_STATUS: current=9
INSTRUMENTATION_STATUS: id=AndroidJUnitRunner
INSTRUMENTATION_STATUS: numtests=29
INSTRUMENTATION_STATUS: stream=
INSTRUMENTATION_STATUS: test=ignoredTestBar
INSTRUMENTATION_STATUS_CODE: 1
INSTRUMENTATION_STATUS: class=com.example.test_app.bar.BarInstrumentedTest
INSTRUMENTATION_STATUS: current=9
INSTRUMENTATION_STATUS: id=AndroidJUnitRunner
INSTRUMENTATION_STATUS: numtests=29
INSTRUMENTATION_STATUS: stream=
INSTRUMENTATION_STATUS: test=ignoredTestBar
INSTRUMENTATION_STATUS_CODE: -3
INSTRUMENTATION_STATUS: class=com.example.test_app.foo.FooInstrumentedTest
INSTRUMENTATION_STATUS: current=10
INSTRUMENTATION_STATUS: id=AndroidJUnitRunner
INSTRUMENTATION_STATUS: numtests=29
INSTRUMENTATION_STATUS: stream=
com.example.test_app.foo.FooInstrumentedTest:
INSTRUMENTATION_STATUS: test=testFoo
INSTRUMENTATION_STATUS_CODE: 1
INSTRUMENTATION_STATUS: class=com.example.test_app.foo.FooInstrumentedTest
INSTRUMENTATION_STATUS: current=10
INSTRUMENTATION_STATUS: id=AndroidJUnitRunner
INSTRUMENTATION_STATUS: numtests=29
INSTRUMENTATION_STATUS: stack=java.lang.AssertionError
	at org.junit.Assert.fail(Assert.java:86)
	at org.junit.Assert.assertTrue(Assert.java:41)
	at org.junit.Assert.assertTrue(Assert.java:52)
	at com.example.test_app.BaseInstrumentedTest.testMethod(BaseInstrumentedTest.kt:36)
	at com.example.test_app.foo.FooInstrumentedTest.testFoo(FooInstrumentedTest.kt:13)
	at java.lang.reflect.Method.invoke(Native Method)
	at org.junit.runners.model.FrameworkMethod$1.runReflectiveCall(FrameworkMethod.java:50)
	at org.junit.internal.runners.model.ReflectiveCallable.run(ReflectiveCallable.java:12)
	at org.junit.runners.model.FrameworkMethod.invokeExplosively(FrameworkMethod.java:47)
	at org.junit.internal.runners.statements.InvokeMethod.evaluate(InvokeMethod.java:17)
	at androidx.test.rule.GrantPermissionRule$RequestPermissionStatement.evaluate(GrantPermissionRule.java:134)
	at androidx.test.rule.ActivityTestRule$ActivityStatement.evaluate(ActivityTestRule.java:531)
	at com.example.test_app.screenshot.ScreenshotTestRule$apply$1.evaluate(ScreenshotTestRule.kt:58)
	at org.junit.rules.RunRules.evaluate(RunRules.java:20)
	at org.junit.runners.ParentRunner.runLeaf(ParentRunner.java:325)
	at org.junit.runners.BlockJUnit4ClassRunner.runChild(BlockJUnit4ClassRunner.java:78)
	at org.junit.runners.BlockJUnit4ClassRunner.runChild(BlockJUnit4ClassRunner.java:57)
	at org.junit.runners.ParentRunner$3.run(ParentRunner.java:290)
	at org.junit.runners.ParentRunner$1.schedule(ParentRunner.java:71)
	at org.junit.runners.ParentRunner.runChildren(ParentRunner.java:288)
	at org.junit.runners.ParentRunner.access$000(ParentRunner.java:58)
	at org.junit.runners.ParentRunner$2.evaluate(ParentRunner.java:268)
	at org.junit.runners.ParentRunner.run(ParentRunner.java:363)
	at androidx.test.ext.junit.runners.AndroidJUnit4.run(AndroidJUnit4.java:154)
	at org.junit.runners.Suite.runChild(Suite.java:128)
	at org.junit.runners.Suite.runChild(Suite.java:27)
	at org.junit.runners.ParentRunner$3.run(ParentRunner.java:290)
	at org.junit.runners.ParentRunner$1.schedule(ParentRunner.java:71)
	at org.junit.runners.ParentRunner.runChildren(ParentRunner.java:288)
	at org.junit.runners.ParentRunner.access$000(ParentRunner.java:58)
	at org.junit.runners.ParentRunner$2.evaluate(ParentRunner.java:268)
	at org.junit.runners.ParentRunner.run(ParentRunner.java:363)
	at org.junit.runner.JUnitCore.run(JUnitCore.java:137)
	at org.junit.runner.JUnitCore.run(JUnitCore.java:115)
	at androidx.test.internal.runner.TestExecutor.execute(TestExecutor.java:56)
	at androidx.test.runner.AndroidJUnitRunner.onStart(AndroidJUnitRunner.java:395)
	at android.app.Instrumentation$InstrumentationThread.run(Instrumentation.java:2205)

INSTRUMENTATION_STATUS: stream=
Error in testFoo(com.example.test_app.foo.FooInstrumentedTest):
java.lang.AssertionError
	at org.junit.Assert.fail(Assert.java:86)
	at org.junit.Assert.assertTrue(Assert.java:41)
	at org.junit.Assert.assertTrue(Assert.java:52)
	at com.example.test_app.BaseInstrumentedTest.testMethod(BaseInstrumentedTest.kt:36)
	at com.example.test_app.foo.FooInstrumentedTest.testFoo(FooInstrumentedTest.kt:13)
	at java.lang.reflect.Method.invoke(Native Method)
	at org.junit.runners.model.FrameworkMethod$1.runReflectiveCall(FrameworkMethod.java:50)
	at org.junit.internal.runners.model.ReflectiveCallable.run(ReflectiveCallable.java:12)
	at org.junit.runners.model.FrameworkMethod.invokeExplosively(FrameworkMethod.java:47)
	at org.junit.internal.runners.statements.InvokeMethod.evaluate(InvokeMethod.java:17)
	at androidx.test.rule.GrantPermissionRule$RequestPermissionStatement.evaluate(GrantPermissionRule.java:134)
	at androidx.test.rule.ActivityTestRule$ActivityStatement.evaluate(ActivityTestRule.java:531)
	at com.example.test_app.screenshot.ScreenshotTestRule$apply$1.evaluate(ScreenshotTestRule.kt:58)
	at org.junit.rules.RunRules.evaluate(RunRules.java:20)
	at org.junit.runners.ParentRunner.runLeaf(ParentRunner.java:325)
	at org.junit.runners.BlockJUnit4ClassRunner.runChild(BlockJUnit4ClassRunner.java:78)
	at org.junit.runners.BlockJUnit4ClassRunner.runChild(BlockJUnit4ClassRunner.java:57)
	at org.junit.runners.ParentRunner$3.run(ParentRunner.java:290)
	at org.junit.runners.ParentRunner$1.schedule(ParentRunner.java:71)
	at org.junit.runners.ParentRunner.runChildren(ParentRunner.java:288)
	at org.junit.runners.ParentRunner.access$000(ParentRunner.java:58)
	at org.junit.runners.ParentRunner$2.evaluate(ParentRunner.java:268)
	at org.junit.runners.ParentRunner.run(ParentRunner.java:363)
	at androidx.test.ext.junit.runners.AndroidJUnit4.run(AndroidJUnit4.java:154)
	at org.junit.runners.Suite.runChild(Suite.java:128)
	at org.junit.runners.Suite.runChild(Suite.java:27)
	at org.junit.runners.ParentRunner$3.run(ParentRunner.java:290)
	at org.junit.runners.ParentRunner$1.schedule(ParentRunner.java:71)
	at org.junit.runners.ParentRunner.runChildren(ParentRunner.java:288)
	at org.junit.runners.ParentRunner.access$000(ParentRunner.java:58)
	at org.junit.runners.ParentRunner$2.evaluate(ParentRunner.java:268)
	at org.junit.runners.ParentRunner.run(ParentRunner.java:363)
	at org.junit.runner.JUnitCore.run(JUnitCore.java:137)
	at org.junit.runner.JUnitCore.run(JUnitCore.java:115)
	at androidx.test.internal.runner.TestExecutor.execute(TestExecutor.java:56)
	at androidx.test.runner.AndroidJUnitRunner.onStart(AndroidJUnitRunner.java:395)
	at android.app.Instrumentation$InstrumentationThread.run(Instrumentation.java:2205)

INSTRUMENTATION_STATUS: test=testFoo
INSTRUMENTATION_STATUS_CODE: -2
INSTRUMENTATION_STATUS: class=com.example.test_app.foo.FooInstrumentedTest
INSTRUMENTATION_STATUS: current=11
INSTRUMENTATION_STATUS: id=AndroidJUnitRunner
INSTRUMENTATION_STATUS: numtests=29
INSTRUMENTATION_STATUS: stream=
INSTRUMENTATION_STATUS: test=ignoredTestFoo
INSTRUMENTATION_STATUS_CODE: 1
INSTRUMENTATION_STATUS: class=com.example.test_app.foo.FooInstrumentedTest
INSTRUMENTATION_STATUS: current=11
INSTRUMENTATION_STATUS: id=AndroidJUnitRunner
INSTRUMENTATION_STATUS: numtests=29
INSTRUMENTATION_STATUS: stream=
INSTRUMENTATION_STATUS: test=ignoredTestFoo
INSTRUMENTATION_STATUS_CODE: -3
INSTRUMENTATION_STATUS: class=com.example.test_app.parametrized.EspressoParametrizedClassParameterizedNamed
INSTRUMENTATION_STATUS: current=12
INSTRUMENTATION_STATUS: id=AndroidJUnitRunner
INSTRUMENTATION_STATUS: numtests=29
INSTRUMENTATION_STATUS: stream=
com.example.test_app.parametrized.EspressoParametrizedClassParameterizedNamed:
INSTRUMENTATION_STATUS: test=clickRightButton[0: toast toast]
INSTRUMENTATION_STATUS_CODE: 1
INSTRUMENTATION_STATUS: class=com.example.test_app.parametrized.EspressoParametrizedClassParameterizedNamed
INSTRUMENTATION_STATUS: current=12
INSTRUMENTATION_STATUS: id=AndroidJUnitRunner
INSTRUMENTATION_STATUS: numtests=29
INSTRUMENTATION_STATUS: stream=.
INSTRUMENTATION_STATUS: test=clickRightButton[0: toast toast]
INSTRUMENTATION_STATUS_CODE: 0
INSTRUMENTATION_STATUS: class=com.example.test_app.parametrized.EspressoParametrizedClassParameterizedNamed
INSTRUMENTATION_STATUS: current=13
INSTRUMENTATION_STATUS: id=AndroidJUnitRunner
INSTRUMENTATION_STATUS: numtests=29
INSTRUMENTATION_STATUS: stream=
INSTRUMENTATION_STATUS: test=clickRightButton[1: alert alert]
INSTRUMENTATION_STATUS_CODE: 1
INSTRUMENTATION_STATUS: class=com.example.test_app.parametrized.EspressoParametrizedClassParameterizedNamed
INSTRUMENTATION_STATUS: current=13
INSTRUMENTATION_STATUS: id=AndroidJUnitRunner
INSTRUMENTATION_STATUS: numtests=29
INSTRUMENTATION_STATUS: stream=.
INSTRUMENTATION_STATUS: test=clickRightButton[1: alert alert]
INSTRUMENTATION_STATUS_CODE: 0
INSTRUMENTATION_STATUS: class=com.example.test_app.parametrized.EspressoParametrizedClassParameterizedNamed
INSTRUMENTATION_STATUS: current=14
INSTRUMENTATION_STATUS: id=AndroidJUnitRunner
INSTRUMENTATION_STATUS: numtests=29
INSTRUMENTATION_STATUS: stream=
INSTRUMENTATION_STATUS: test=clickRightButton[2: exception exception]
INSTRUMENTATION_STATUS_CODE: 1
INSTRUMENTATION_STATUS: class=com.example.test_app.parametrized.EspressoParametrizedClassParameterizedNamed
INSTRUMENTATION_STATUS: current=14
INSTRUMENTATION_STATUS: id=AndroidJUnitRunner
INSTRUMENTATION_STATUS: numtests=29
INSTRUMENTATION_STATUS: stream=.
INSTRUMENTATION_STATUS: test=clickRightButton[2: exception exception]
INSTRUMENTATION_STATUS_CODE: 0
INSTRUMENTATION_STATUS: class=com.example.test_app.parametrized.EspressoParametrizedClassTestParameterized
INSTRUMENTATION_STATUS: current=15
INSTRUMENTATION_STATUS: id=AndroidJUnitRunner
INSTRUMENTATION_STATUS: numtests=29
INSTRUMENTATION_STATUS: stream=
com.example.test_app.parametrized.EspressoParametrizedClassTestParameterized:
INSTRUMENTATION_STATUS: test=clickRightButton[0]
INSTRUMENTATION_STATUS_CODE: 1
INSTRUMENTATION_STATUS: class=com.example.test_app.parametrized.EspressoParametrizedClassTestParameterized
INSTRUMENTATION_STATUS: current=15
INSTRUMENTATION_STATUS: id=AndroidJUnitRunner
INSTRUMENTATION_STATUS: numtests=29
INSTRUMENTATION_STATUS: stream=.
INSTRUMENTATION_STATUS: test=clickRightButton[0]
INSTRUMENTATION_STATUS_CODE: 0
INSTRUMENTATION_STATUS: class=com.example.test_app.parametrized.EspressoParametrizedClassTestParameterized
INSTRUMENTATION_STATUS: current=16
INSTRUMENTATION_STATUS: id=AndroidJUnitRunner
INSTRUMENTATION_STATUS: numtests=29
INSTRUMENTATION_STATUS: stream=
INSTRUMENTATION_STATUS: test=clickRightButton[1]
INSTRUMENTATION_STATUS_CODE: 1
INSTRUMENTATION_STATUS: class=com.example.test_app.parametrized.EspressoParametrizedClassTestParameterized
INSTRUMENTATION_STATUS: current=16
INSTRUMENTATION_STATUS: id=AndroidJUnitRunner
INSTRUMENTATION_STATUS: numtests=29
INSTRUMENTATION_STATUS: stream=.
INSTRUMENTATION_STATUS: test=clickRightButton[1]
INSTRUMENTATION_STATUS_CODE: 0
INSTRUMENTATION_STATUS: class=com.example.test_app.parametrized.EspressoParametrizedClassTestParameterized
INSTRUMENTATION_STATUS: current=17
INSTRUMENTATION_STATUS: id=AndroidJUnitRunner
INSTRUMENTATION_STATUS: numtests=29
INSTRUMENTATION_STATUS: stream=
INSTRUMENTATION_STATUS: test=clickRightButton[2]
INSTRUMENTATION_STATUS_CODE: 1
INSTRUMENTATION_STATUS: class=com.example.test_app.parametrized.EspressoParametrizedClassTestParameterized
INSTRUMENTATION_STATUS: current=17
INSTRUMENTATION_STATUS: id=AndroidJUnitRunner
INSTRUMENTATION_STATUS: numtests=29
INSTRUMENTATION_STATUS: stream=.
INSTRUMENTATION_STATUS: test=clickRightButton[2]
INSTRUMENTATION_STATUS_CODE: 0
INSTRUMENTATION_STATUS: class=com.example.test_app.parametrized.EspressoParametrizedMethodTestJUnitParamsRunner
INSTRUMENTATION_STATUS: current=18
INSTRUMENTATION_STATUS: id=AndroidJUnitRunner
INSTRUMENTATION_STATUS: numtests=29
INSTRUMENTATION_STATUS: stream=
com.example.test_app.parametrized.EspressoParametrizedMethodTestJUnitParamsRunner:
INSTRUMENTATION_STATUS: test=clickRightButtonFromMethod(toast, toast) [0]
INSTRUMENTATION_STATUS_CODE: 1
INSTRUMENTATION_STATUS: class=com.example.test_app.parametrized.EspressoParametrizedMethodTestJUnitParamsRunner
INSTRUMENTATION_STATUS: current=18
INSTRUMENTATION_STATUS: id=AndroidJUnitRunner
INSTRUMENTATION_STATUS: numtests=29
INSTRUMENTATION_STATUS: stream=.
INSTRUMENTATION_STATUS: test=clickRightButtonFromMethod(toast, toast) [0]
INSTRUMENTATION_STATUS_CODE: 0
INSTRUMENTATION_STATUS: class=com.example.test_app.parametrized.EspressoParametrizedMethodTestJUnitParamsRunner
INSTRUMENTATION_STATUS: current=19
INSTRUMENTATION_STATUS: id=AndroidJUnitRunner
INSTRUMENTATION_STATUS: numtests=29
INSTRUMENTATION_STATUS: stream=
INSTRUMENTATION_STATUS: test=clickRightButtonFromMethod(alert, alert) [1]
INSTRUMENTATION_STATUS_CODE: 1
INSTRUMENTATION_STATUS: class=com.example.test_app.parametrized.EspressoParametrizedMethodTestJUnitParamsRunner
INSTRUMENTATION_STATUS: current=19
INSTRUMENTATION_STATUS: id=AndroidJUnitRunner
INSTRUMENTATION_STATUS: numtests=29
INSTRUMENTATION_STATUS: stream=.
INSTRUMENTATION_STATUS: test=clickRightButtonFromMethod(alert, alert) [1]
INSTRUMENTATION_STATUS_CODE: 0
INSTRUMENTATION_STATUS: class=com.example.test_app.parametrized.EspressoParametrizedMethodTestJUnitParamsRunner
INSTRUMENTATION_STATUS: current=20
INSTRUMENTATION_STATUS: id=AndroidJUnitRunner
INSTRUMENTATION_STATUS: numtests=29
INSTRUMENTATION_STATUS: stream=
INSTRUMENTATION_STATUS: test=clickRightButtonFromMethod(exception, exception) [2]
INSTRUMENTATION_STATUS_CODE: 1
INSTRUMENTATION_STATUS: class=com.example.test_app.parametrized.EspressoParametrizedMethodTestJUnitParamsRunner
INSTRUMENTATION_STATUS: current=20
INSTRUMENTATION_STATUS: id=AndroidJUnitRunner
INSTRUMENTATION_STATUS: numtests=29
INSTRUMENTATION_STATUS: stream=.
INSTRUMENTATION_STATUS: test=clickRightButtonFromMethod(exception, exception) [2]
INSTRUMENTATION_STATUS_CODE: 0
INSTRUMENTATION_STATUS: class=com.example.test_app.parametrized.EspressoParametrizedMethodTestJUnitParamsRunner
INSTRUMENTATION_STATUS: current=21
INSTRUMENTATION_STATUS: id=AndroidJUnitRunner
INSTRUMENTATION_STATUS: numtests=29
INSTRUMENTATION_STATUS: stream=
INSTRUMENTATION_STATUS: test=clickRightButtonFromAnnotation(toast, toast) [0]
INSTRUMENTATION_STATUS_CODE: 1
INSTRUMENTATION_STATUS: class=com.example.test_app.parametrized.EspressoParametrizedMethodTestJUnitParamsRunner
INSTRUMENTATION_STATUS: current=21
INSTRUMENTATION_STATUS: id=AndroidJUnitRunner
INSTRUMENTATION_STATUS: numtests=29
INSTRUMENTATION_STATUS: stream=.
INSTRUMENTATION_STATUS: test=clickRightButtonFromAnnotation(toast, toast) [0]
INSTRUMENTATION_STATUS_CODE: 0
INSTRUMENTATION_STATUS: class=com.example.test_app.parametrized.EspressoParametrizedMethodTestJUnitParamsRunner
INSTRUMENTATION_STATUS: current=22
INSTRUMENTATION_STATUS: id=AndroidJUnitRunner
INSTRUMENTATION_STATUS: numtests=29
INSTRUMENTATION_STATUS: stream=
INSTRUMENTATION_STATUS: test=clickRightButtonFromAnnotation(alert, alert) [1]
INSTRUMENTATION_STATUS_CODE: 1
INSTRUMENTATION_STATUS: class=com.example.test_app.parametrized.EspressoParametrizedMethodTestJUnitParamsRunner
INSTRUMENTATION_STATUS: current=22
INSTRUMENTATION_STATUS: id=AndroidJUnitRunner
INSTRUMENTATION_STATUS: numtests=29
INSTRUMENTATION_STATUS: stream=.
INSTRUMENTATION_STATUS: test=clickRightButtonFromAnnotation(alert, alert) [1]
INSTRUMENTATION_STATUS_CODE: 0
INSTRUMENTATION_STATUS: class=com.example.test_app.parametrized.EspressoParametrizedMethodTestJUnitParamsRunner
INSTRUMENTATION_STATUS: current=23
INSTRUMENTATION_STATUS: id=AndroidJUnitRunner
INSTRUMENTATION_STATUS: numtests=29
INSTRUMENTATION_STATUS: stream=
INSTRUMENTATION_STATUS: test=clickRightButtonFromAnnotation(exception, exception) [2]
INSTRUMENTATION_STATUS_CODE: 1
INSTRUMENTATION_STATUS: class=com.example.test_app.parametrized.EspressoParametrizedMethodTestJUnitParamsRunner
INSTRUMENTATION_STATUS: current=23
INSTRUMENTATION_STATUS: id=AndroidJUnitRunner
INSTRUMENTATION_STATUS: numtests=29
INSTRUMENTATION_STATUS: stream=.
INSTRUMENTATION_STATUS: test=clickRightButtonFromAnnotation(exception, exception) [2]
INSTRUMENTATION_STATUS_CODE: 0
INSTRUMENTATION_STATUS: class=com.example.test_app.similar.SimilarNameTest10
INSTRUMENTATION_STATUS: current=24
INSTRUMENTATION_STATUS: id=AndroidJUnitRunner
INSTRUMENTATION_STATUS: numtests=29
INSTRUMENTATION_STATUS: stream=
com.example.test_app.similar.SimilarNameTest10:
INSTRUMENTATION_STATUS: test=test19
INSTRUMENTATION_STATUS_CODE: 1
INSTRUMENTATION_STATUS: class=com.example.test_app.similar.SimilarNameTest10
INSTRUMENTATION_STATUS: current=24
INSTRUMENTATION_STATUS: id=AndroidJUnitRunner
INSTRUMENTATION_STATUS: numtests=29
INSTRUMENTATION_STATUS: stack=java.lang.AssertionError
	at org.junit.Assert.fail(Assert.java:86)
	at org.junit.Assert.assertTrue(Assert.java:41)
	at org.junit.Assert.assertTrue(Assert.java:52)
	at com.example.test_app.BaseInstrumentedTest.testMethod(BaseInstrumentedTest.kt:36)
	at com.example.test_app.similar.SimilarNameTest10.test19(SimilarNameTest10.kt:18)
	at java.lang.reflect.Method.invoke(Native Method)
	at org.junit.runners.model.FrameworkMethod$1.runReflectiveCall(FrameworkMethod.java:50)
	at org.junit.internal.runners.model.ReflectiveCallable.run(ReflectiveCallable.java:12)
	at org.junit.runners.model.FrameworkMethod.invokeExplosively(FrameworkMethod.java:47)
	at org.junit.internal.runners.statements.InvokeMethod.evaluate(InvokeMethod.java:17)
	at androidx.test.rule.GrantPermissionRule$RequestPermissionStatement.evaluate(GrantPermissionRule.java:134)
	at androidx.test.rule.ActivityTestRule$ActivityStatement.evaluate(ActivityTestRule.java:531)
	at com.example.test_app.screenshot.ScreenshotTestRule$apply$1.evaluate(ScreenshotTestRule.kt:58)
	at org.junit.rules.RunRules.evaluate(RunRules.java:20)
	at org.junit.runners.ParentRunner.runLeaf(ParentRunner.java:325)
	at org.junit.runners.BlockJUnit4ClassRunner.runChild(BlockJUnit4ClassRunner.java:78)
	at org.junit.runners.BlockJUnit4ClassRunner.runChild(BlockJUnit4ClassRunner.java:57)
	at org.junit.runners.ParentRunner$3.run(ParentRunner.java:290)
	at org.junit.runners.ParentRunner$1.schedule(ParentRunner.java:71)
	at org.junit.runners.ParentRunner.runChildren(ParentRunner.java:288)
	at org.junit.runners.ParentRunner.access$000(ParentRunner.java:58)
	at org.junit.runners.ParentRunner$2.evaluate(ParentRunner.java:268)
	at org.junit.runners.ParentRunner.run(ParentRunner.java:363)
	at androidx.test.ext.junit.runners.AndroidJUnit4.run(AndroidJUnit4.java:154)
	at org.junit.runners.Suite.runChild(Suite.java:128)
	at org.junit.runners.Suite.runChild(Suite.java:27)
	at org.junit.runners.ParentRunner$3.run(ParentRunner.java:290)
	at org.junit.runners.ParentRunner$1.schedule(ParentRunner.java:71)
	at org.junit.runners.ParentRunner.runChildren(ParentRunner.java:288)
	at org.junit.runners.ParentRunner.access$000(ParentRunner.java:58)
	at org.junit.runners.ParentRunner$2.evaluate(ParentRunner.java:268)
	at org.junit.runners.ParentRunner.run(ParentRunner.java:363)
	at org.junit.runner.JUnitCore.run(JUnitCore.java:137)
	at org.junit.runner.JUnitCore.run(JUnitCore.java:115)
	at androidx.test.internal.runner.TestExecutor.execute(TestExecutor.java:56)
	at androidx.test.runner.AndroidJUnitRunner.onStart(AndroidJUnitRunner.java:395)
	at android.app.Instrumentation$InstrumentationThread.run(Instrumentation.java:2205)

INSTRUMENTATION_STATUS: stream=
Error in test19(com.example.test_app.similar.SimilarNameTest10):
java.lang.AssertionError
	at org.junit.Assert.fail(Assert.java:86)
	at org.junit.Assert.assertTrue(Assert.java:41)
	at org.junit.Assert.assertTrue(Assert.java:52)
	at com.example.test_app.BaseInstrumentedTest.testMethod(BaseInstrumentedTest.kt:36)
	at com.example.test_app.similar.SimilarNameTest10.test19(SimilarNameTest10.kt:18)
	at java.lang.reflect.Method.invoke(Native Method)
	at org.junit.runners.model.FrameworkMethod$1.runReflectiveCall(FrameworkMethod.java:50)
	at org.junit.internal.runners.model.ReflectiveCallable.run(ReflectiveCallable.java:12)
	at org.junit.runners.model.FrameworkMethod.invokeExplosively(FrameworkMethod.java:47)
	at org.junit.internal.runners.statements.InvokeMethod.evaluate(InvokeMethod.java:17)
	at androidx.test.rule.GrantPermissionRule$RequestPermissionStatement.evaluate(GrantPermissionRule.java:134)
	at androidx.test.rule.ActivityTestRule$ActivityStatement.evaluate(ActivityTestRule.java:531)
	at com.example.test_app.screenshot.ScreenshotTestRule$apply$1.evaluate(ScreenshotTestRule.kt:58)
	at org.junit.rules.RunRules.evaluate(RunRules.java:20)
	at org.junit.runners.ParentRunner.runLeaf(ParentRunner.java:325)
	at org.junit.runners.BlockJUnit4ClassRunner.runChild(BlockJUnit4ClassRunner.java:78)
	at org.junit.runners.BlockJUnit4ClassRunner.runChild(BlockJUnit4ClassRunner.java:57)
	at org.junit.runners.ParentRunner$3.run(ParentRunner.java:290)
	at org.junit.runners.ParentRunner$1.schedule(ParentRunner.java:71)
	at org.junit.runners.ParentRunner.runChildren(ParentRunner.java:288)
	at org.junit.runners.ParentRunner.access$000(ParentRunner.java:58)
	at org.junit.runners.ParentRunner$2.evaluate(ParentRunner.java:268)
	at org.junit.runners.ParentRunner.run(ParentRunner.java:363)
	at androidx.test.ext.junit.runners.AndroidJUnit4.run(AndroidJUnit4.java:154)
	at org.junit.runners.Suite.runChild(Suite.java:128)
	at org.junit.runners.Suite.runChild(Suite.java:27)
	at org.junit.runners.ParentRunner$3.run(ParentRunner.java:290)
	at org.junit.runners.ParentRunner$1.schedule(ParentRunner.java:71)
	at org.junit.runners.ParentRunner.runChildren(ParentRunner.java:288)
	at org.junit.runners.ParentRunner.access$000(ParentRunner.java:58)
	at org.junit.runners.ParentRunner$2.evaluate(ParentRunner.java:268)
	at org.junit.runners.ParentRunner.run(ParentRunner.java:363)
	at org.junit.runner.JUnitCore.run(JUnitCore.java:137)
	at org.junit.runner.JUnitCore.run(JUnitCore.java:115)
	at androidx.test.internal.runner.TestExecutor.execute(TestExecutor.java:56)
	at androidx.test.runner.AndroidJUnitRunner.onStart(AndroidJUnitRunner.java:395)
	at android.app.Instrumentation$InstrumentationThread.run(Instrumentation.java:2205)

INSTRUMENTATION_STATUS: test=test19
INSTRUMENTATION_STATUS_CODE: -2
INSTRUMENTATION_STATUS: class=com.example.test_app.similar.SimilarNameTest10
INSTRUMENTATION_STATUS: current=25
INSTRUMENTATION_STATUS: id=AndroidJUnitRunner
INSTRUMENTATION_STATUS: numtests=29
INSTRUMENTATION_STATUS: stream=
INSTRUMENTATION_STATUS: test=test1
INSTRUMENTATION_STATUS_CODE: 1
INSTRUMENTATION_STATUS: class=com.example.test_app.similar.SimilarNameTest10
INSTRUMENTATION_STATUS: current=25
INSTRUMENTATION_STATUS: id=AndroidJUnitRunner
INSTRUMENTATION_STATUS: numtests=29
INSTRUMENTATION_STATUS: stack=java.lang.AssertionError
	at org.junit.Assert.fail(Assert.java:86)
	at org.junit.Assert.assertTrue(Assert.java:41)
	at org.junit.Assert.assertTrue(Assert.java:52)
	at com.example.test_app.BaseInstrumentedTest.testMethod(BaseInstrumentedTest.kt:36)
	at com.example.test_app.similar.SimilarNameTest10.test1(SimilarNameTest10.kt:12)
	at java.lang.reflect.Method.invoke(Native Method)
	at org.junit.runners.model.FrameworkMethod$1.runReflectiveCall(FrameworkMethod.java:50)
	at org.junit.internal.runners.model.ReflectiveCallable.run(ReflectiveCallable.java:12)
	at org.junit.runners.model.FrameworkMethod.invokeExplosively(FrameworkMethod.java:47)
	at org.junit.internal.runners.statements.InvokeMethod.evaluate(InvokeMethod.java:17)
	at androidx.test.rule.GrantPermissionRule$RequestPermissionStatement.evaluate(GrantPermissionRule.java:134)
	at androidx.test.rule.ActivityTestRule$ActivityStatement.evaluate(ActivityTestRule.java:531)
	at com.example.test_app.screenshot.ScreenshotTestRule$apply$1.evaluate(ScreenshotTestRule.kt:58)
	at org.junit.rules.RunRules.evaluate(RunRules.java:20)
	at org.junit.runners.ParentRunner.runLeaf(ParentRunner.java:325)
	at org.junit.runners.BlockJUnit4ClassRunner.runChild(BlockJUnit4ClassRunner.java:78)
	at org.junit.runners.BlockJUnit4ClassRunner.runChild(BlockJUnit4ClassRunner.java:57)
	at org.junit.runners.ParentRunner$3.run(ParentRunner.java:290)
	at org.junit.runners.ParentRunner$1.schedule(ParentRunner.java:71)
	at org.junit.runners.ParentRunner.runChildren(ParentRunner.java:288)
	at org.junit.runners.ParentRunner.access$000(ParentRunner.java:58)
	at org.junit.runners.ParentRunner$2.evaluate(ParentRunner.java:268)
	at org.junit.runners.ParentRunner.run(ParentRunner.java:363)
	at androidx.test.ext.junit.runners.AndroidJUnit4.run(AndroidJUnit4.java:154)
	at org.junit.runners.Suite.runChild(Suite.java:128)
	at org.junit.runners.Suite.runChild(Suite.java:27)
	at org.junit.runners.ParentRunner$3.run(ParentRunner.java:290)
	at org.junit.runners.ParentRunner$1.schedule(ParentRunner.java:71)
	at org.junit.runners.ParentRunner.runChildren(ParentRunner.java:288)
	at org.junit.runners.ParentRunner.access$000(ParentRunner.java:58)
	at org.junit.runners.ParentRunner$2.evaluate(ParentRunner.java:268)
	at org.junit.runners.ParentRunner.run(ParentRunner.java:363)
	at org.junit.runner.JUnitCore.run(JUnitCore.java:137)
	at org.junit.runner.JUnitCore.run(JUnitCore.java:115)
	at androidx.test.internal.runner.TestExecutor.execute(TestExecutor.java:56)
	at androidx.test.runner.AndroidJUnitRunner.onStart(AndroidJUnitRunner.java:395)
	at android.app.Instrumentation$InstrumentationThread.run(Instrumentation.java:2205)

INSTRUMENTATION_STATUS: stream=
Error in test1(com.example.test_app.similar.SimilarNameTest10):
java.lang.AssertionError
	at org.junit.Assert.fail(Assert.java:86)
	at org.junit.Assert.assertTrue(Assert.java:41)
	at org.junit.Assert.assertTrue(Assert.java:52)
	at com.example.test_app.BaseInstrumentedTest.testMethod(BaseInstrumentedTest.kt:36)
	at com.example.test_app.similar.SimilarNameTest10.test1(SimilarNameTest10.kt:12)
	at java.lang.reflect.Method.invoke(Native Method)
	at org.junit.runners.model.FrameworkMethod$1.runReflectiveCall(FrameworkMethod.java:50)
	at org.junit.internal.runners.model.ReflectiveCallable.run(ReflectiveCallable.java:12)
	at org.junit.runners.model.FrameworkMethod.invokeExplosively(FrameworkMethod.java:47)
	at org.junit.internal.runners.statements.InvokeMethod.evaluate(InvokeMethod.java:17)
	at androidx.test.rule.GrantPermissionRule$RequestPermissionStatement.evaluate(GrantPermissionRule.java:134)
	at androidx.test.rule.ActivityTestRule$ActivityStatement.evaluate(ActivityTestRule.java:531)
	at com.example.test_app.screenshot.ScreenshotTestRule$apply$1.evaluate(ScreenshotTestRule.kt:58)
	at org.junit.rules.RunRules.evaluate(RunRules.java:20)
	at org.junit.runners.ParentRunner.runLeaf(ParentRunner.java:325)
	at org.junit.runners.BlockJUnit4ClassRunner.runChild(BlockJUnit4ClassRunner.java:78)
	at org.junit.runners.BlockJUnit4ClassRunner.runChild(BlockJUnit4ClassRunner.java:57)
	at org.junit.runners.ParentRunner$3.run(ParentRunner.java:290)
	at org.junit.runners.ParentRunner$1.schedule(ParentRunner.java:71)
	at org.junit.runners.ParentRunner.runChildren(ParentRunner.java:288)
	at org.junit.runners.ParentRunner.access$000(ParentRunner.java:58)
	at org.junit.runners.ParentRunner$2.evaluate(ParentRunner.java:268)
	at org.junit.runners.ParentRunner.run(ParentRunner.java:363)
	at androidx.test.ext.junit.runners.AndroidJUnit4.run(AndroidJUnit4.java:154)
	at org.junit.runners.Suite.runChild(Suite.java:128)
	at org.junit.runners.Suite.runChild(Suite.java:27)
	at org.junit.runners.ParentRunner$3.run(ParentRunner.java:290)
	at org.junit.runners.ParentRunner$1.schedule(ParentRunner.java:71)
	at org.junit.runners.ParentRunner.runChildren(ParentRunner.java:288)
	at org.junit.runners.ParentRunner.access$000(ParentRunner.java:58)
	at org.junit.runners.ParentRunner$2.evaluate(ParentRunner.java:268)
	at org.junit.runners.ParentRunner.run(ParentRunner.java:363)
	at org.junit.runner.JUnitCore.run(JUnitCore.java:137)
	at org.junit.runner.JUnitCore.run(JUnitCore.java:115)
	at androidx.test.internal.runner.TestExecutor.execute(TestExecutor.java:56)
	at androidx.test.runner.AndroidJUnitRunner.onStart(AndroidJUnitRunner.java:395)
	at android.app.Instrumentation$InstrumentationThread.run(Instrumentation.java:2205)

INSTRUMENTATION_STATUS: test=test1
INSTRUMENTATION_STATUS_CODE: -2
INSTRUMENTATION_STATUS: class=com.example.test_app.similar.SimilarNameTest10
INSTRUMENTATION_STATUS: current=26
INSTRUMENTATION_STATUS: id=AndroidJUnitRunner
INSTRUMENTATION_STATUS: numtests=29
INSTRUMENTATION_STATUS: stream=
INSTRUMENTATION_STATUS: test=test2
INSTRUMENTATION_STATUS_CODE: 1
INSTRUMENTATION_STATUS: class=com.example.test_app.similar.SimilarNameTest10
INSTRUMENTATION_STATUS: current=26
INSTRUMENTATION_STATUS: id=AndroidJUnitRunner
INSTRUMENTATION_STATUS: numtests=29
INSTRUMENTATION_STATUS: stack=java.lang.AssertionError
	at org.junit.Assert.fail(Assert.java:86)
	at org.junit.Assert.assertTrue(Assert.java:41)
	at org.junit.Assert.assertTrue(Assert.java:52)
	at com.example.test_app.BaseInstrumentedTest.testMethod(BaseInstrumentedTest.kt:36)
	at com.example.test_app.similar.SimilarNameTest10.test2(SimilarNameTest10.kt:15)
	at java.lang.reflect.Method.invoke(Native Method)
	at org.junit.runners.model.FrameworkMethod$1.runReflectiveCall(FrameworkMethod.java:50)
	at org.junit.internal.runners.model.ReflectiveCallable.run(ReflectiveCallable.java:12)
	at org.junit.runners.model.FrameworkMethod.invokeExplosively(FrameworkMethod.java:47)
	at org.junit.internal.runners.statements.InvokeMethod.evaluate(InvokeMethod.java:17)
	at androidx.test.rule.GrantPermissionRule$RequestPermissionStatement.evaluate(GrantPermissionRule.java:134)
	at androidx.test.rule.ActivityTestRule$ActivityStatement.evaluate(ActivityTestRule.java:531)
	at com.example.test_app.screenshot.ScreenshotTestRule$apply$1.evaluate(ScreenshotTestRule.kt:58)
	at org.junit.rules.RunRules.evaluate(RunRules.java:20)
	at org.junit.runners.ParentRunner.runLeaf(ParentRunner.java:325)
	at org.junit.runners.BlockJUnit4ClassRunner.runChild(BlockJUnit4ClassRunner.java:78)
	at org.junit.runners.BlockJUnit4ClassRunner.runChild(BlockJUnit4ClassRunner.java:57)
	at org.junit.runners.ParentRunner$3.run(ParentRunner.java:290)
	at org.junit.runners.ParentRunner$1.schedule(ParentRunner.java:71)
	at org.junit.runners.ParentRunner.runChildren(ParentRunner.java:288)
	at org.junit.runners.ParentRunner.access$000(ParentRunner.java:58)
	at org.junit.runners.ParentRunner$2.evaluate(ParentRunner.java:268)
	at org.junit.runners.ParentRunner.run(ParentRunner.java:363)
	at androidx.test.ext.junit.runners.AndroidJUnit4.run(AndroidJUnit4.java:154)
	at org.junit.runners.Suite.runChild(Suite.java:128)
	at org.junit.runners.Suite.runChild(Suite.java:27)
	at org.junit.runners.ParentRunner$3.run(ParentRunner.java:290)
	at org.junit.runners.ParentRunner$1.schedule(ParentRunner.java:71)
	at org.junit.runners.ParentRunner.runChildren(ParentRunner.java:288)
	at org.junit.runners.ParentRunner.access$000(ParentRunner.java:58)
	at org.junit.runners.ParentRunner$2.evaluate(ParentRunner.java:268)
	at org.junit.runners.ParentRunner.run(ParentRunner.java:363)
	at org.junit.runner.JUnitCore.run(JUnitCore.java:137)
	at org.junit.runner.JUnitCore.run(JUnitCore.java:115)
	at androidx.test.internal.runner.TestExecutor.execute(TestExecutor.java:56)
	at androidx.test.runner.AndroidJUnitRunner.onStart(AndroidJUnitRunner.java:395)
	at android.app.Instrumentation$InstrumentationThread.run(Instrumentation.java:2205)

INSTRUMENTATION_STATUS: stream=
Error in test2(com.example.test_app.similar.SimilarNameTest10):
java.lang.AssertionError
	at org.junit.Assert.fail(Assert.java:86)
	at org.junit.Assert.assertTrue(Assert.java:41)
	at org.junit.Assert.assertTrue(Assert.java:52)
	at com.example.test_app.BaseInstrumentedTest.testMethod(BaseInstrumentedTest.kt:36)
	at com.example.test_app.similar.SimilarNameTest10.test2(SimilarNameTest10.kt:15)
	at java.lang.reflect.Method.invoke(Native Method)
	at org.junit.runners.model.FrameworkMethod$1.runReflectiveCall(FrameworkMethod.java:50)
	at org.junit.internal.runners.model.ReflectiveCallable.run(ReflectiveCallable.java:12)
	at org.junit.runners.model.FrameworkMethod.invokeExplosively(FrameworkMethod.java:47)
	at org.junit.internal.runners.statements.InvokeMethod.evaluate(InvokeMethod.java:17)
	at androidx.test.rule.GrantPermissionRule$RequestPermissionStatement.evaluate(GrantPermissionRule.java:134)
	at androidx.test.rule.ActivityTestRule$ActivityStatement.evaluate(ActivityTestRule.java:531)
	at com.example.test_app.screenshot.ScreenshotTestRule$apply$1.evaluate(ScreenshotTestRule.kt:58)
	at org.junit.rules.RunRules.evaluate(RunRules.java:20)
	at org.junit.runners.ParentRunner.runLeaf(ParentRunner.java:325)
	at org.junit.runners.BlockJUnit4ClassRunner.runChild(BlockJUnit4ClassRunner.java:78)
	at org.junit.runners.BlockJUnit4ClassRunner.runChild(BlockJUnit4ClassRunner.java:57)
	at org.junit.runners.ParentRunner$3.run(ParentRunner.java:290)
	at org.junit.runners.ParentRunner$1.schedule(ParentRunner.java:71)
	at org.junit.runners.ParentRunner.runChildren(ParentRunner.java:288)
	at org.junit.runners.ParentRunner.access$000(ParentRunner.java:58)
	at org.junit.runners.ParentRunner$2.evaluate(ParentRunner.java:268)
	at org.junit.runners.ParentRunner.run(ParentRunner.java:363)
	at androidx.test.ext.junit.runners.AndroidJUnit4.run(AndroidJUnit4.java:154)
	at org.junit.runners.Suite.runChild(Suite.java:128)
	at org.junit.runners.Suite.runChild(Suite.java:27)
	at org.junit.runners.ParentRunner$3.run(ParentRunner.java:290)
	at org.junit.runners.ParentRunner$1.schedule(ParentRunner.java:71)
	at org.junit.runners.ParentRunner.runChildren(ParentRunner.java:288)
	at org.junit.runners.ParentRunner.access$000(ParentRunner.java:58)
	at org.junit.runners.ParentRunner$2.evaluate(ParentRunner.java:268)
	at org.junit.runners.ParentRunner.run(ParentRunner.java:363)
	at org.junit.runner.JUnitCore.run(JUnitCore.java:137)
	at org.junit.runner.JUnitCore.run(JUnitCore.java:115)
	at androidx.test.internal.runner.TestExecutor.execute(TestExecutor.java:56)
	at androidx.test.runner.AndroidJUnitRunner.onStart(AndroidJUnitRunner.java:395)
	at android.app.Instrumentation$InstrumentationThread.run(Instrumentation.java:2205)

INSTRUMENTATION_STATUS: test=test2
INSTRUMENTATION_STATUS_CODE: -2
INSTRUMENTATION_STATUS: class=com.example.test_app.similar.SimilarNameTest1
INSTRUMENTATION_STATUS: current=27
INSTRUMENTATION_STATUS: id=AndroidJUnitRunner
INSTRUMENTATION_STATUS: numtests=29
INSTRUMENTATION_STATUS: stream=
com.example.test_app.similar.SimilarNameTest1:
INSTRUMENTATION_STATUS: test=test19
INSTRUMENTATION_STATUS_CODE: 1
INSTRUMENTATION_STATUS: class=com.example.test_app.similar.SimilarNameTest1
INSTRUMENTATION_STATUS: current=27
INSTRUMENTATION_STATUS: id=AndroidJUnitRunner
INSTRUMENTATION_STATUS: numtests=29
INSTRUMENTATION_STATUS: stack=java.lang.AssertionError
	at org.junit.Assert.fail(Assert.java:86)
	at org.junit.Assert.assertTrue(Assert.java:41)
	at org.junit.Assert.assertTrue(Assert.java:52)
	at com.example.test_app.BaseInstrumentedTest.testMethod(BaseInstrumentedTest.kt:36)
	at com.example.test_app.similar.SimilarNameTest1.test19(SimilarNameTest1.kt:18)
	at java.lang.reflect.Method.invoke(Native Method)
	at org.junit.runners.model.FrameworkMethod$1.runReflectiveCall(FrameworkMethod.java:50)
	at org.junit.internal.runners.model.ReflectiveCallable.run(ReflectiveCallable.java:12)
	at org.junit.runners.model.FrameworkMethod.invokeExplosively(FrameworkMethod.java:47)
	at org.junit.internal.runners.statements.InvokeMethod.evaluate(InvokeMethod.java:17)
	at androidx.test.rule.GrantPermissionRule$RequestPermissionStatement.evaluate(GrantPermissionRule.java:134)
	at androidx.test.rule.ActivityTestRule$ActivityStatement.evaluate(ActivityTestRule.java:531)
	at com.example.test_app.screenshot.ScreenshotTestRule$apply$1.evaluate(ScreenshotTestRule.kt:58)
	at org.junit.rules.RunRules.evaluate(RunRules.java:20)
	at org.junit.runners.ParentRunner.runLeaf(ParentRunner.java:325)
	at org.junit.runners.BlockJUnit4ClassRunner.runChild(BlockJUnit4ClassRunner.java:78)
	at org.junit.runners.BlockJUnit4ClassRunner.runChild(BlockJUnit4ClassRunner.java:57)
	at org.junit.runners.ParentRunner$3.run(ParentRunner.java:290)
	at org.junit.runners.ParentRunner$1.schedule(ParentRunner.java:71)
	at org.junit.runners.ParentRunner.runChildren(ParentRunner.java:288)
	at org.junit.runners.ParentRunner.access$000(ParentRunner.java:58)
	at org.junit.runners.ParentRunner$2.evaluate(ParentRunner.java:268)
	at org.junit.runners.ParentRunner.run(ParentRunner.java:363)
	at androidx.test.ext.junit.runners.AndroidJUnit4.run(AndroidJUnit4.java:154)
	at org.junit.runners.Suite.runChild(Suite.java:128)
	at org.junit.runners.Suite.runChild(Suite.java:27)
	at org.junit.runners.ParentRunner$3.run(ParentRunner.java:290)
	at org.junit.runners.ParentRunner$1.schedule(ParentRunner.java:71)
	at org.junit.runners.ParentRunner.runChildren(ParentRunner.java:288)
	at org.junit.runners.ParentRunner.access$000(ParentRunner.java:58)
	at org.junit.runners.ParentRunner$2.evaluate(ParentRunner.java:268)
	at org.junit.runners.ParentRunner.run(ParentRunner.java:363)
	at org.junit.runner.JUnitCore.run(JUnitCore.java:137)
	at org.junit.runner.JUnitCore.run(JUnitCore.java:115)
	at androidx.test.internal.runner.TestExecutor.execute(TestExecutor.java:56)
	at androidx.test.runner.AndroidJUnitRunner.onStart(AndroidJUnitRunner.java:395)
	at android.app.Instrumentation$InstrumentationThread.run(Instrumentation.java:2205)

INSTRUMENTATION_STATUS: stream=
Error in test19(com.example.test_app.similar.SimilarNameTest1):
java.lang.AssertionError
	at org.junit.Assert.fail(Assert.java:86)
	at org.junit.Assert.assertTrue(Assert.java:41)
	at org.junit.Assert.assertTrue(Assert.java:52)
	at com.example.test_app.BaseInstrumentedTest.testMethod(BaseInstrumentedTest.kt:36)
	at com.example.test_app.similar.SimilarNameTest1.test19(SimilarNameTest1.kt:18)
	at java.lang.reflect.Method.invoke(Native Method)
	at org.junit.runners.model.FrameworkMethod$1.runReflectiveCall(FrameworkMethod.java:50)
	at org.junit.internal.runners.model.ReflectiveCallable.run(ReflectiveCallable.java:12)
	at org.junit.runners.model.FrameworkMethod.invokeExplosively(FrameworkMethod.java:47)
	at org.junit.internal.runners.statements.InvokeMethod.evaluate(InvokeMethod.java:17)
	at androidx.test.rule.GrantPermissionRule$RequestPermissionStatement.evaluate(GrantPermissionRule.java:134)
	at androidx.test.rule.ActivityTestRule$ActivityStatement.evaluate(ActivityTestRule.java:531)
	at com.example.test_app.screenshot.ScreenshotTestRule$apply$1.evaluate(ScreenshotTestRule.kt:58)
	at org.junit.rules.RunRules.evaluate(RunRules.java:20)
	at org.junit.runners.ParentRunner.runLeaf(ParentRunner.java:325)
	at org.junit.runners.BlockJUnit4ClassRunner.runChild(BlockJUnit4ClassRunner.java:78)
	at org.junit.runners.BlockJUnit4ClassRunner.runChild(BlockJUnit4ClassRunner.java:57)
	at org.junit.runners.ParentRunner$3.run(ParentRunner.java:290)
	at org.junit.runners.ParentRunner$1.schedule(ParentRunner.java:71)
	at org.junit.runners.ParentRunner.runChildren(ParentRunner.java:288)
	at org.junit.runners.ParentRunner.access$000(ParentRunner.java:58)
	at org.junit.runners.ParentRunner$2.evaluate(ParentRunner.java:268)
	at org.junit.runners.ParentRunner.run(ParentRunner.java:363)
	at androidx.test.ext.junit.runners.AndroidJUnit4.run(AndroidJUnit4.java:154)
	at org.junit.runners.Suite.runChild(Suite.java:128)
	at org.junit.runners.Suite.runChild(Suite.java:27)
	at org.junit.runners.ParentRunner$3.run(ParentRunner.java:290)
	at org.junit.runners.ParentRunner$1.schedule(ParentRunner.java:71)
	at org.junit.runners.ParentRunner.runChildren(ParentRunner.java:288)
	at org.junit.runners.ParentRunner.access$000(ParentRunner.java:58)
	at org.junit.runners.ParentRunner$2.evaluate(ParentRunner.java:268)
	at org.junit.runners.ParentRunner.run(ParentRunner.java:363)
	at org.junit.runner.JUnitCore.run(JUnitCore.java:137)
	at org.junit.runner.JUnitCore.run(JUnitCore.java:115)
	at androidx.test.internal.runner.TestExecutor.execute(TestExecutor.java:56)
	at androidx.test.runner.AndroidJUnitRunner.onStart(AndroidJUnitRunner.java:395)
	at android.app.Instrumentation$InstrumentationThread.run(Instrumentation.java:2205)

INSTRUMENTATION_STATUS: test=test19
INSTRUMENTATION_STATUS_CODE: -2
INSTRUMENTATION_STATUS: class=com.example.test_app.similar.SimilarNameTest1
INSTRUMENTATION_STATUS: current=28
INSTRUMENTATION_STATUS: id=AndroidJUnitRunner
INSTRUMENTATION_STATUS: numtests=29
INSTRUMENTATION_STATUS: stream=
INSTRUMENTATION_STATUS: test=test1
INSTRUMENTATION_STATUS_CODE: 1
INSTRUMENTATION_STATUS: class=com.example.test_app.similar.SimilarNameTest1
INSTRUMENTATION_STATUS: current=28
INSTRUMENTATION_STATUS: id=AndroidJUnitRunner
INSTRUMENTATION_STATUS: numtests=29
INSTRUMENTATION_STATUS: stack=java.lang.AssertionError
	at org.junit.Assert.fail(Assert.java:86)
	at org.junit.Assert.assertTrue(Assert.java:41)
	at org.junit.Assert.assertTrue(Assert.java:52)
	at com.example.test_app.BaseInstrumentedTest.testMethod(BaseInstrumentedTest.kt:36)
	at com.example.test_app.similar.SimilarNameTest1.test1(SimilarNameTest1.kt:12)
	at java.lang.reflect.Method.invoke(Native Method)
	at org.junit.runners.model.FrameworkMethod$1.runReflectiveCall(FrameworkMethod.java:50)
	at org.junit.internal.runners.model.ReflectiveCallable.run(ReflectiveCallable.java:12)
	at org.junit.runners.model.FrameworkMethod.invokeExplosively(FrameworkMethod.java:47)
	at org.junit.internal.runners.statements.InvokeMethod.evaluate(InvokeMethod.java:17)
	at androidx.test.rule.GrantPermissionRule$RequestPermissionStatement.evaluate(GrantPermissionRule.java:134)
	at androidx.test.rule.ActivityTestRule$ActivityStatement.evaluate(ActivityTestRule.java:531)
	at com.example.test_app.screenshot.ScreenshotTestRule$apply$1.evaluate(ScreenshotTestRule.kt:58)
	at org.junit.rules.RunRules.evaluate(RunRules.java:20)
	at org.junit.runners.ParentRunner.runLeaf(ParentRunner.java:325)
	at org.junit.runners.BlockJUnit4ClassRunner.runChild(BlockJUnit4ClassRunner.java:78)
	at org.junit.runners.BlockJUnit4ClassRunner.runChild(BlockJUnit4ClassRunner.java:57)
	at org.junit.runners.ParentRunner$3.run(ParentRunner.java:290)
	at org.junit.runners.ParentRunner$1.schedule(ParentRunner.java:71)
	at org.junit.runners.ParentRunner.runChildren(ParentRunner.java:288)
	at org.junit.runners.ParentRunner.access$000(ParentRunner.java:58)
	at org.junit.runners.ParentRunner$2.evaluate(ParentRunner.java:268)
	at org.junit.runners.ParentRunner.run(ParentRunner.java:363)
	at androidx.test.ext.junit.runners.AndroidJUnit4.run(AndroidJUnit4.java:154)
	at org.junit.runners.Suite.runChild(Suite.java:128)
	at org.junit.runners.Suite.runChild(Suite.java:27)
	at org.junit.runners.ParentRunner$3.run(ParentRunner.java:290)
	at org.junit.runners.ParentRunner$1.schedule(ParentRunner.java:71)
	at org.junit.runners.ParentRunner.runChildren(ParentRunner.java:288)
	at org.junit.runners.ParentRunner.access$000(ParentRunner.java:58)
	at org.junit.runners.ParentRunner$2.evaluate(ParentRunner.java:268)
	at org.junit.runners.ParentRunner.run(ParentRunner.java:363)
	at org.junit.runner.JUnitCore.run(JUnitCore.java:137)
	at org.junit.runner.JUnitCore.run(JUnitCore.java:115)
	at androidx.test.internal.runner.TestExecutor.execute(TestExecutor.java:56)
	at androidx.test.runner.AndroidJUnitRunner.onStart(AndroidJUnitRunner.java:395)
	at android.app.Instrumentation$InstrumentationThread.run(Instrumentation.java:2205)

INSTRUMENTATION_STATUS: stream=
Error in test1(com.example.test_app.similar.SimilarNameTest1):
java.lang.AssertionError
	at org.junit.Assert.fail(Assert.java:86)
	at org.junit.Assert.assertTrue(Assert.java:41)
	at org.junit.Assert.assertTrue(Assert.java:52)
	at com.example.test_app.BaseInstrumentedTest.testMethod(BaseInstrumentedTest.kt:36)
	at com.example.test_app.similar.SimilarNameTest1.test1(SimilarNameTest1.kt:12)
	at java.lang.reflect.Method.invoke(Native Method)
	at org.junit.runners.model.FrameworkMethod$1.runReflectiveCall(FrameworkMethod.java:50)
	at org.junit.internal.runners.model.ReflectiveCallable.run(ReflectiveCallable.java:12)
	at org.junit.runners.model.FrameworkMethod.invokeExplosively(FrameworkMethod.java:47)
	at org.junit.internal.runners.statements.InvokeMethod.evaluate(InvokeMethod.java:17)
	at androidx.test.rule.GrantPermissionRule$RequestPermissionStatement.evaluate(GrantPermissionRule.java:134)
	at androidx.test.rule.ActivityTestRule$ActivityStatement.evaluate(ActivityTestRule.java:531)
	at com.example.test_app.screenshot.ScreenshotTestRule$apply$1.evaluate(ScreenshotTestRule.kt:58)
	at org.junit.rules.RunRules.evaluate(RunRules.java:20)
	at org.junit.runners.ParentRunner.runLeaf(ParentRunner.java:325)
	at org.junit.runners.BlockJUnit4ClassRunner.runChild(BlockJUnit4ClassRunner.java:78)
	at org.junit.runners.BlockJUnit4ClassRunner.runChild(BlockJUnit4ClassRunner.java:57)
	at org.junit.runners.ParentRunner$3.run(ParentRunner.java:290)
	at org.junit.runners.ParentRunner$1.schedule(ParentRunner.java:71)
	at org.junit.runners.ParentRunner.runChildren(ParentRunner.java:288)
	at org.junit.runners.ParentRunner.access$000(ParentRunner.java:58)
	at org.junit.runners.ParentRunner$2.evaluate(ParentRunner.java:268)
	at org.junit.runners.ParentRunner.run(ParentRunner.java:363)
	at androidx.test.ext.junit.runners.AndroidJUnit4.run(AndroidJUnit4.java:154)
	at org.junit.runners.Suite.runChild(Suite.java:128)
	at org.junit.runners.Suite.runChild(Suite.java:27)
	at org.junit.runners.ParentRunner$3.run(ParentRunner.java:290)
	at org.junit.runners.ParentRunner$1.schedule(ParentRunner.java:71)
	at org.junit.runners.ParentRunner.runChildren(ParentRunner.java:288)
	at org.junit.runners.ParentRunner.access$000(ParentRunner.java:58)
	at org.junit.runners.ParentRunner$2.evaluate(ParentRunner.java:268)
	at org.junit.runners.ParentRunner.run(ParentRunner.java:363)
	at org.junit.runner.JUnitCore.run(JUnitCore.java:137)
	at org.junit.runner.JUnitCore.run(JUnitCore.java:115)
	at androidx.test.internal.runner.TestExecutor.execute(TestExecutor.java:56)
	at androidx.test.runner.AndroidJUnitRunner.onStart(AndroidJUnitRunner.java:395)
	at android.app.Instrumentation$InstrumentationThread.run(Instrumentation.java:2205)

INSTRUMENTATION_STATUS: test=test1
INSTRUMENTATION_STATUS_CODE: -2
INSTRUMENTATION_STATUS: class=com.example.test_app.similar.SimilarNameTest1
INSTRUMENTATION_STATUS: current=29
INSTRUMENTATION_STATUS: id=AndroidJUnitRunner
INSTRUMENTATION_STATUS: numtests=29
INSTRUMENTATION_STATUS: stream=
INSTRUMENTATION_STATUS: test=test2
INSTRUMENTATION_STATUS_CODE: 1
INSTRUMENTATION_STATUS: class=com.example.test_app.similar.SimilarNameTest1
INSTRUMENTATION_STATUS: current=29
INSTRUMENTATION_STATUS: id=AndroidJUnitRunner
INSTRUMENTATION_STATUS: numtests=29
INSTRUMENTATION_STATUS: stack=java.lang.AssertionError
	at org.junit.Assert.fail(Assert.java:86)
	at org.junit.Assert.assertTrue(Assert.java:41)
	at org.junit.Assert.assertTrue(Assert.java:52)
	at com.example.test_app.BaseInstrumentedTest.testMethod(BaseInstrumentedTest.kt:36)
	at com.example.test_app.similar.SimilarNameTest1.test2(SimilarNameTest1.kt:15)
	at java.lang.reflect.Method.invoke(Native Method)
	at org.junit.runners.model.FrameworkMethod$1.runReflectiveCall(FrameworkMethod.java:50)
	at org.junit.internal.runners.model.ReflectiveCallable.run(ReflectiveCallable.java:12)
	at org.junit.runners.model.FrameworkMethod.invokeExplosively(FrameworkMethod.java:47)
	at org.junit.internal.runners.statements.InvokeMethod.evaluate(InvokeMethod.java:17)
	at androidx.test.rule.GrantPermissionRule$RequestPermissionStatement.evaluate(GrantPermissionRule.java:134)
	at androidx.test.rule.ActivityTestRule$ActivityStatement.evaluate(ActivityTestRule.java:531)
	at com.example.test_app.screenshot.ScreenshotTestRule$apply$1.evaluate(ScreenshotTestRule.kt:58)
	at org.junit.rules.RunRules.evaluate(RunRules.java:20)
	at org.junit.runners.ParentRunner.runLeaf(ParentRunner.java:325)
	at org.junit.runners.BlockJUnit4ClassRunner.runChild(BlockJUnit4ClassRunner.java:78)
	at org.junit.runners.BlockJUnit4ClassRunner.runChild(BlockJUnit4ClassRunner.java:57)
	at org.junit.runners.ParentRunner$3.run(ParentRunner.java:290)
	at org.junit.runners.ParentRunner$1.schedule(ParentRunner.java:71)
	at org.junit.runners.ParentRunner.runChildren(ParentRunner.java:288)
	at org.junit.runners.ParentRunner.access$000(ParentRunner.java:58)
	at org.junit.runners.ParentRunner$2.evaluate(ParentRunner.java:268)
	at org.junit.runners.ParentRunner.run(ParentRunner.java:363)
	at androidx.test.ext.junit.runners.AndroidJUnit4.run(AndroidJUnit4.java:154)
	at org.junit.runners.Suite.runChild(Suite.java:128)
	at org.junit.runners.Suite.runChild(Suite.java:27)
	at org.junit.runners.ParentRunner$3.run(ParentRunner.java:290)
	at org.junit.runners.ParentRunner$1.schedule(ParentRunner.java:71)
	at org.junit.runners.ParentRunner.runChildren(ParentRunner.java:288)
	at org.junit.runners.ParentRunner.access$000(ParentRunner.java:58)
	at org.junit.runners.ParentRunner$2.evaluate(ParentRunner.java:268)
	at org.junit.runners.ParentRunner.run(ParentRunner.java:363)
	at org.junit.runner.JUnitCore.run(JUnitCore.java:137)
	at org.junit.runner.JUnitCore.run(JUnitCore.java:115)
	at androidx.test.internal.runner.TestExecutor.execute(TestExecutor.java:56)
	at androidx.test.runner.AndroidJUnitRunner.onStart(AndroidJUnitRunner.java:395)
	at android.app.Instrumentation$InstrumentationThread.run(Instrumentation.java:2205)

INSTRUMENTATION_STATUS: stream=
Error in test2(com.example.test_app.similar.SimilarNameTest1):
java.lang.AssertionError
	at org.junit.Assert.fail(Assert.java:86)
	at org.junit.Assert.assertTrue(Assert.java:41)
	at org.junit.Assert.assertTrue(Assert.java:52)
	at com.example.test_app.BaseInstrumentedTest.testMethod(BaseInstrumentedTest.kt:36)
	at com.example.test_app.similar.SimilarNameTest1.test2(SimilarNameTest1.kt:15)
	at java.lang.reflect.Method.invoke(Native Method)
	at org.junit.runners.model.FrameworkMethod$1.runReflectiveCall(FrameworkMethod.java:50)
	at org.junit.internal.runners.model.ReflectiveCallable.run(ReflectiveCallable.java:12)
	at org.junit.runners.model.FrameworkMethod.invokeExplosively(FrameworkMethod.java:47)
	at org.junit.internal.runners.statements.InvokeMethod.evaluate(InvokeMethod.java:17)
	at androidx.test.rule.GrantPermissionRule$RequestPermissionStatement.evaluate(GrantPermissionRule.java:134)
	at androidx.test.rule.ActivityTestRule$ActivityStatement.evaluate(ActivityTestRule.java:531)
	at com.example.test_app.screenshot.ScreenshotTestRule$apply$1.evaluate(ScreenshotTestRule.kt:58)
	at org.junit.rules.RunRules.evaluate(RunRules.java:20)
	at org.junit.runners.ParentRunner.runLeaf(ParentRunner.java:325)
	at org.junit.runners.BlockJUnit4ClassRunner.runChild(BlockJUnit4ClassRunner.java:78)
	at org.junit.runners.BlockJUnit4ClassRunner.runChild(BlockJUnit4ClassRunner.java:57)
	at org.junit.runners.ParentRunner$3.run(ParentRunner.java:290)
	at org.junit.runners.ParentRunner$1.schedule(ParentRunner.java:71)
	at org.junit.runners.ParentRunner.runChildren(ParentRunner.java:288)
	at org.junit.runners.ParentRunner.access$000(ParentRunner.java:58)
	at org.junit.runners.ParentRunner$2.evaluate(ParentRunner.java:268)
	at org.junit.runners.ParentRunner.run(ParentRunner.java:363)
	at androidx.test.ext.junit.runners.AndroidJUnit4.run(AndroidJUnit4.java:154)
	at org.junit.runners.Suite.runChild(Suite.java:128)
	at org.junit.runners.Suite.runChild(Suite.java:27)
	at org.junit.runners.ParentRunner$3.run(ParentRunner.java:290)
	at org.junit.runners.ParentRunner$1.schedule(ParentRunner.java:71)
	at org.junit.runners.ParentRunner.runChildren(ParentRunner.java:288)
	at org.junit.runners.ParentRunner.access$000(ParentRunner.java:58)
	at org.junit.runners.ParentRunner$2.evaluate(ParentRunner.java:268)
	at org.junit.runners.ParentRunner.run(ParentRunner.java:363)
	at org.junit.runner.JUnitCore.run(JUnitCore.java:137)
	at org.junit.runner.JUnitCore.run(JUnitCore.java:115)
	at androidx.test.internal.runner.TestExecutor.execute(TestExecutor.java:56)
	at androidx.test.runner.AndroidJUnitRunner.onStart(AndroidJUnitRunner.java:395)
	at android.app.Instrumentation$InstrumentationThread.run(Instrumentation.java:2205)

INSTRUMENTATION_STATUS: test=test2
INSTRUMENTATION_STATUS_CODE: -2
INSTRUMENTATION_RESULT: stream=

Time: 40.647
There were 11 failures:
1) test0(com.example.test_app.InstrumentedTest)
java.lang.AssertionError
	at org.junit.Assert.fail(Assert.java:86)
	at org.junit.Assert.assertTrue(Assert.java:41)
	at org.junit.Assert.assertTrue(Assert.java:52)
	at com.example.test_app.BaseInstrumentedTest.testMethod(BaseInstrumentedTest.kt:36)
	at com.example.test_app.InstrumentedTest.test0(InstrumentedTest.kt:16)
	at java.lang.reflect.Method.invoke(Native Method)
	at org.junit.runners.model.FrameworkMethod$1.runReflectiveCall(FrameworkMethod.java:50)
	at org.junit.internal.runners.model.ReflectiveCallable.run(ReflectiveCallable.java:12)
	at org.junit.runners.model.FrameworkMethod.invokeExplosively(FrameworkMethod.java:47)
	at org.junit.internal.runners.statements.InvokeMethod.evaluate(InvokeMethod.java:17)
	at androidx.test.rule.GrantPermissionRule$RequestPermissionStatement.evaluate(GrantPermissionRule.java:134)
	at androidx.test.rule.ActivityTestRule$ActivityStatement.evaluate(ActivityTestRule.java:531)
	at com.example.test_app.screenshot.ScreenshotTestRule$apply$1.evaluate(ScreenshotTestRule.kt:58)
	at org.junit.rules.RunRules.evaluate(RunRules.java:20)
	at org.junit.runners.ParentRunner.runLeaf(ParentRunner.java:325)
	at org.junit.runners.BlockJUnit4ClassRunner.runChild(BlockJUnit4ClassRunner.java:78)
	at org.junit.runners.BlockJUnit4ClassRunner.runChild(BlockJUnit4ClassRunner.java:57)
	at org.junit.runners.ParentRunner$3.run(ParentRunner.java:290)
	at org.junit.runners.ParentRunner$1.schedule(ParentRunner.java:71)
	at org.junit.runners.ParentRunner.runChildren(ParentRunner.java:288)
	at org.junit.runners.ParentRunner.access$000(ParentRunner.java:58)
	at org.junit.runners.ParentRunner$2.evaluate(ParentRunner.java:268)
	at org.junit.runners.ParentRunner.run(ParentRunner.java:363)
	at androidx.test.ext.junit.runners.AndroidJUnit4.run(AndroidJUnit4.java:154)
	at org.junit.runners.Suite.runChild(Suite.java:128)
	at org.junit.runners.Suite.runChild(Suite.java:27)
	at org.junit.runners.ParentRunner$3.run(ParentRunner.java:290)
	at org.junit.runners.ParentRunner$1.schedule(ParentRunner.java:71)
	at org.junit.runners.ParentRunner.runChildren(ParentRunner.java:288)
	at org.junit.runners.ParentRunner.access$000(ParentRunner.java:58)
	at org.junit.runners.ParentRunner$2.evaluate(ParentRunner.java:268)
	at org.junit.runners.ParentRunner.run(ParentRunner.java:363)
	at org.junit.runner.JUnitCore.run(JUnitCore.java:137)
	at org.junit.runner.JUnitCore.run(JUnitCore.java:115)
	at androidx.test.internal.runner.TestExecutor.execute(TestExecutor.java:56)
	at androidx.test.runner.AndroidJUnitRunner.onStart(AndroidJUnitRunner.java:395)
	at android.app.Instrumentation$InstrumentationThread.run(Instrumentation.java:2205)
2) test1(com.example.test_app.InstrumentedTest)
java.lang.AssertionError
	at org.junit.Assert.fail(Assert.java:86)
	at org.junit.Assert.assertTrue(Assert.java:41)
	at org.junit.Assert.assertTrue(Assert.java:52)
	at com.example.test_app.BaseInstrumentedTest.testMethod(BaseInstrumentedTest.kt:36)
	at com.example.test_app.InstrumentedTest.test1(InstrumentedTest.kt:19)
	at java.lang.reflect.Method.invoke(Native Method)
	at org.junit.runners.model.FrameworkMethod$1.runReflectiveCall(FrameworkMethod.java:50)
	at org.junit.internal.runners.model.ReflectiveCallable.run(ReflectiveCallable.java:12)
	at org.junit.runners.model.FrameworkMethod.invokeExplosively(FrameworkMethod.java:47)
	at org.junit.internal.runners.statements.InvokeMethod.evaluate(InvokeMethod.java:17)
	at androidx.test.rule.GrantPermissionRule$RequestPermissionStatement.evaluate(GrantPermissionRule.java:134)
	at androidx.test.rule.ActivityTestRule$ActivityStatement.evaluate(ActivityTestRule.java:531)
	at com.example.test_app.screenshot.ScreenshotTestRule$apply$1.evaluate(ScreenshotTestRule.kt:58)
	at org.junit.rules.RunRules.evaluate(RunRules.java:20)
	at org.junit.runners.ParentRunner.runLeaf(ParentRunner.java:325)
	at org.junit.runners.BlockJUnit4ClassRunner.runChild(BlockJUnit4ClassRunner.java:78)
	at org.junit.runners.BlockJUnit4ClassRunner.runChild(BlockJUnit4ClassRunner.java:57)
	at org.junit.runners.ParentRunner$3.run(ParentRunner.java:290)
	at org.junit.runners.ParentRunner$1.schedule(ParentRunner.java:71)
	at org.junit.runners.ParentRunner.runChildren(ParentRunner.java:288)
	at org.junit.runners.ParentRunner.access$000(ParentRunner.java:58)
	at org.junit.runners.ParentRunner$2.evaluate(ParentRunner.java:268)
	at org.junit.runners.ParentRunner.run(ParentRunner.java:363)
	at androidx.test.ext.junit.runners.AndroidJUnit4.run(AndroidJUnit4.java:154)
	at org.junit.runners.Suite.runChild(Suite.java:128)
	at org.junit.runners.Suite.runChild(Suite.java:27)
	at org.junit.runners.ParentRunner$3.run(ParentRunner.java:290)
	at org.junit.runners.ParentRunner$1.schedule(ParentRunner.java:71)
	at org.junit.runners.ParentRunner.runChildren(ParentRunner.java:288)
	at org.junit.runners.ParentRunner.access$000(ParentRunner.java:58)
	at org.junit.runners.ParentRunner$2.evaluate(ParentRunner.java:268)
	at org.junit.runners.ParentRunner.run(ParentRunner.java:363)
	at org.junit.runner.JUnitCore.run(JUnitCore.java:137)
	at org.junit.runner.JUnitCore.run(JUnitCore.java:115)
	at androidx.test.internal.runner.TestExecutor.execute(TestExecutor.java:56)
	at androidx.test.runner.AndroidJUnitRunner.onStart(AndroidJUnitRunner.java:395)
	at android.app.Instrumentation$InstrumentationThread.run(Instrumentation.java:2205)
3) test2(com.example.test_app.InstrumentedTest)
java.lang.AssertionError
	at org.junit.Assert.fail(Assert.java:86)
	at org.junit.Assert.assertTrue(Assert.java:41)
	at org.junit.Assert.assertTrue(Assert.java:52)
	at com.example.test_app.BaseInstrumentedTest.testMethod(BaseInstrumentedTest.kt:36)
	at com.example.test_app.InstrumentedTest.test2(InstrumentedTest.kt:22)
	at java.lang.reflect.Method.invoke(Native Method)
	at org.junit.runners.model.FrameworkMethod$1.runReflectiveCall(FrameworkMethod.java:50)
	at org.junit.internal.runners.model.ReflectiveCallable.run(ReflectiveCallable.java:12)
	at org.junit.runners.model.FrameworkMethod.invokeExplosively(FrameworkMethod.java:47)
	at org.junit.internal.runners.statements.InvokeMethod.evaluate(InvokeMethod.java:17)
	at androidx.test.rule.GrantPermissionRule$RequestPermissionStatement.evaluate(GrantPermissionRule.java:134)
	at androidx.test.rule.ActivityTestRule$ActivityStatement.evaluate(ActivityTestRule.java:531)
	at com.example.test_app.screenshot.ScreenshotTestRule$apply$1.evaluate(ScreenshotTestRule.kt:58)
	at org.junit.rules.RunRules.evaluate(RunRules.java:20)
	at org.junit.runners.ParentRunner.runLeaf(ParentRunner.java:325)
	at org.junit.runners.BlockJUnit4ClassRunner.runChild(BlockJUnit4ClassRunner.java:78)
	at org.junit.runners.BlockJUnit4ClassRunner.runChild(BlockJUnit4ClassRunner.java:57)
	at org.junit.runners.ParentRunner$3.run(ParentRunner.java:290)
	at org.junit.runners.ParentRunner$1.schedule(ParentRunner.java:71)
	at org.junit.runners.ParentRunner.runChildren(ParentRunner.java:288)
	at org.junit.runners.ParentRunner.access$000(ParentRunner.java:58)
	at org.junit.runners.ParentRunner$2.evaluate(ParentRunner.java:268)
	at org.junit.runners.ParentRunner.run(ParentRunner.java:363)
	at androidx.test.ext.junit.runners.AndroidJUnit4.run(AndroidJUnit4.java:154)
	at org.junit.runners.Suite.runChild(Suite.java:128)
	at org.junit.runners.Suite.runChild(Suite.java:27)
	at org.junit.runners.ParentRunner$3.run(ParentRunner.java:290)
	at org.junit.runners.ParentRunner$1.schedule(ParentRunner.java:71)
	at org.junit.runners.ParentRunner.runChildren(ParentRunner.java:288)
	at org.junit.runners.ParentRunner.access$000(ParentRunner.java:58)
	at org.junit.runners.ParentRunner$2.evaluate(ParentRunner.java:268)
	at org.junit.runners.ParentRunner.run(ParentRunner.java:363)
	at org.junit.runner.JUnitCore.run(JUnitCore.java:137)
	at org.junit.runner.JUnitCore.run(JUnitCore.java:115)
	at androidx.test.internal.runner.TestExecutor.execute(TestExecutor.java:56)
	at androidx.test.runner.AndroidJUnitRunner.onStart(AndroidJUnitRunner.java:395)
	at android.app.Instrumentation$InstrumentationThread.run(Instrumentation.java:2205)
4) testBar(com.example.test_app.bar.BarInstrumentedTest)
java.lang.AssertionError
	at org.junit.Assert.fail(Assert.java:86)
	at org.junit.Assert.assertTrue(Assert.java:41)
	at org.junit.Assert.assertTrue(Assert.java:52)
	at com.example.test_app.BaseInstrumentedTest.testMethod(BaseInstrumentedTest.kt:36)
	at com.example.test_app.bar.BarInstrumentedTest.testBar(BarInstrumentedTest.kt:13)
	at java.lang.reflect.Method.invoke(Native Method)
	at org.junit.runners.model.FrameworkMethod$1.runReflectiveCall(FrameworkMethod.java:50)
	at org.junit.internal.runners.model.ReflectiveCallable.run(ReflectiveCallable.java:12)
	at org.junit.runners.model.FrameworkMethod.invokeExplosively(FrameworkMethod.java:47)
	at org.junit.internal.runners.statements.InvokeMethod.evaluate(InvokeMethod.java:17)
	at androidx.test.rule.GrantPermissionRule$RequestPermissionStatement.evaluate(GrantPermissionRule.java:134)
	at androidx.test.rule.ActivityTestRule$ActivityStatement.evaluate(ActivityTestRule.java:531)
	at com.example.test_app.screenshot.ScreenshotTestRule$apply$1.evaluate(ScreenshotTestRule.kt:58)
	at org.junit.rules.RunRules.evaluate(RunRules.java:20)
	at org.junit.runners.ParentRunner.runLeaf(ParentRunner.java:325)
	at org.junit.runners.BlockJUnit4ClassRunner.runChild(BlockJUnit4ClassRunner.java:78)
	at org.junit.runners.BlockJUnit4ClassRunner.runChild(BlockJUnit4ClassRunner.java:57)
	at org.junit.runners.ParentRunner$3.run(ParentRunner.java:290)
	at org.junit.runners.ParentRunner$1.schedule(ParentRunner.java:71)
	at org.junit.runners.ParentRunner.runChildren(ParentRunner.java:288)
	at org.junit.runners.ParentRunner.access$000(ParentRunner.java:58)
	at org.junit.runners.ParentRunner$2.evaluate(ParentRunner.java:268)
	at org.junit.runners.ParentRunner.run(ParentRunner.java:363)
	at androidx.test.ext.junit.runners.AndroidJUnit4.run(AndroidJUnit4.java:154)
	at org.junit.runners.Suite.runChild(Suite.java:128)
	at org.junit.runners.Suite.runChild(Suite.java:27)
	at org.junit.runners.ParentRunner$3.run(ParentRunner.java:290)
	at org.junit.runners.ParentRunner$1.schedule(ParentRunner.java:71)
	at org.junit.runners.ParentRunner.runChildren(ParentRunner.java:288)
	at org.junit.runners.ParentRunner.access$000(ParentRunner.java:58)
	at org.junit.runners.ParentRunner$2.evaluate(ParentRunner.java:268)
	at org.junit.runners.ParentRunner.run(ParentRunner.java:363)
	at org.junit.runner.JUnitCore.run(JUnitCore.java:137)
	at org.junit.runner.JUnitCore.run(JUnitCore.java:115)
	at androidx.test.internal.runner.TestExecutor.execute(TestExecutor.java:56)
	at androidx.test.runner.AndroidJUnitRunner.onStart(AndroidJUnitRunner.java:395)
	at android.app.Instrumentation$InstrumentationThread.run(Instrumentation.java:2205)
5) testFoo(com.example.test_app.foo.FooInstrumentedTest)
java.lang.AssertionError
	at org.junit.Assert.fail(Assert.java:86)
	at org.junit.Assert.assertTrue(Assert.java:41)
	at org.junit.Assert.assertTrue(Assert.java:52)
	at com.example.test_app.BaseInstrumentedTest.testMethod(BaseInstrumentedTest.kt:36)
	at com.example.test_app.foo.FooInstrumentedTest.testFoo(FooInstrumentedTest.kt:13)
	at java.lang.reflect.Method.invoke(Native Method)
	at org.junit.runners.model.FrameworkMethod$1.runReflectiveCall(FrameworkMethod.java:50)
	at org.junit.internal.runners.model.ReflectiveCallable.run(ReflectiveCallable.java:12)
	at org.junit.runners.model.FrameworkMethod.invokeExplosively(FrameworkMethod.java:47)
	at org.junit.internal.runners.statements.InvokeMethod.evaluate(InvokeMethod.java:17)
	at androidx.test.rule.GrantPermissionRule$RequestPermissionStatement.evaluate(GrantPermissionRule.java:134)
	at androidx.test.rule.ActivityTestRule$ActivityStatement.evaluate(ActivityTestRule.java:531)
	at com.example.test_app.screenshot.ScreenshotTestRule$apply$1.evaluate(ScreenshotTestRule.kt:58)
	at org.junit.rules.RunRules.evaluate(RunRules.java:20)
	at org.junit.runners.ParentRunner.runLeaf(ParentRunner.java:325)
	at org.junit.runners.BlockJUnit4ClassRunner.runChild(BlockJUnit4ClassRunner.java:78)
	at org.junit.runners.BlockJUnit4ClassRunner.runChild(BlockJUnit4ClassRunner.java:57)
	at org.junit.runners.ParentRunner$3.run(ParentRunner.java:290)
	at org.junit.runners.ParentRunner$1.schedule(ParentRunner.java:71)
	at org.junit.runners.ParentRunner.runChildren(ParentRunner.java:288)
	at org.junit.runners.ParentRunner.access$000(ParentRunner.java:58)
	at org.junit.runners.ParentRunner$2.evaluate(ParentRunner.java:268)
	at org.junit.runners.ParentRunner.run(ParentRunner.java:363)
	at androidx.test.ext.junit.runners.AndroidJUnit4.run(AndroidJUnit4.java:154)
	at org.junit.runners.Suite.runChild(Suite.java:128)
	at org.junit.runners.Suite.runChild(Suite.java:27)
	at org.junit.runners.ParentRunner$3.run(ParentRunner.java:290)
	at org.junit.runners.ParentRunner$1.schedule(ParentRunner.java:71)
	at org.junit.runners.ParentRunner.runChildren(ParentRunner.java:288)
	at org.junit.runners.ParentRunner.access$000(ParentRunner.java:58)
	at org.junit.runners.ParentRunner$2.evaluate(ParentRunner.java:268)
	at org.junit.runners.ParentRunner.run(ParentRunner.java:363)
	at org.junit.runner.JUnitCore.run(JUnitCore.java:137)
	at org.junit.runner.JUnitCore.run(JUnitCore.java:115)
	at androidx.test.internal.runner.TestExecutor.execute(TestExecutor.java:56)
	at androidx.test.runner.AndroidJUnitRunner.onStart(AndroidJUnitRunner.java:395)
	at android.app.Instrumentation$InstrumentationThread.run(Instrumentation.java:2205)
6) test19(com.example.test_app.similar.SimilarNameTest10)
java.lang.AssertionError
	at org.junit.Assert.fail(Assert.java:86)
	at org.junit.Assert.assertTrue(Assert.java:41)
	at org.junit.Assert.assertTrue(Assert.java:52)
	at com.example.test_app.BaseInstrumentedTest.testMethod(BaseInstrumentedTest.kt:36)
	at com.example.test_app.similar.SimilarNameTest10.test19(SimilarNameTest10.kt:18)
	at java.lang.reflect.Method.invoke(Native Method)
	at org.junit.runners.model.FrameworkMethod$1.runReflectiveCall(FrameworkMethod.java:50)
	at org.junit.internal.runners.model.ReflectiveCallable.run(ReflectiveCallable.java:12)
	at org.junit.runners.model.FrameworkMethod.invokeExplosively(FrameworkMethod.java:47)
	at org.junit.internal.runners.statements.InvokeMethod.evaluate(InvokeMethod.java:17)
	at androidx.test.rule.GrantPermissionRule$RequestPermissionStatement.evaluate(GrantPermissionRule.java:134)
	at androidx.test.rule.ActivityTestRule$ActivityStatement.evaluate(ActivityTestRule.java:531)
	at com.example.test_app.screenshot.ScreenshotTestRule$apply$1.evaluate(ScreenshotTestRule.kt:58)
	at org.junit.rules.RunRules.evaluate(RunRules.java:20)
	at org.junit.runners.ParentRunner.runLeaf(ParentRunner.java:325)
	at org.junit.runners.BlockJUnit4ClassRunner.runChild(BlockJUnit4ClassRunner.java:78)
	at org.junit.runners.BlockJUnit4ClassRunner.runChild(BlockJUnit4ClassRunner.java:57)
	at org.junit.runners.ParentRunner$3.run(ParentRunner.java:290)
	at org.junit.runners.ParentRunner$1.schedule(ParentRunner.java:71)
	at org.junit.runners.ParentRunner.runChildren(ParentRunner.java:288)
	at org.junit.runners.ParentRunner.access$000(ParentRunner.java:58)
	at org.junit.runners.ParentRunner$2.evaluate(ParentRunner.java:268)
	at org.junit.runners.ParentRunner.run(ParentRunner.java:363)
	at androidx.test.ext.junit.runners.AndroidJUnit4.run(AndroidJUnit4.java:154)
	at org.junit.runners.Suite.runChild(Suite.java:128)
	at org.junit.runners.Suite.runChild(Suite.java:27)
	at org.junit.runners.ParentRunner$3.run(ParentRunner.java:290)
	at org.junit.runners.ParentRunner$1.schedule(ParentRunner.java:71)
	at org.junit.runners.ParentRunner.runChildren(ParentRunner.java:288)
	at org.junit.runners.ParentRunner.access$000(ParentRunner.java:58)
	at org.junit.runners.ParentRunner$2.evaluate(ParentRunner.java:268)
	at org.junit.runners.ParentRunner.run(ParentRunner.java:363)
	at org.junit.runner.JUnitCore.run(JUnitCore.java:137)
	at org.junit.runner.JUnitCore.run(JUnitCore.java:115)
	at androidx.test.internal.runner.TestExecutor.execute(TestExecutor.java:56)
	at androidx.test.runner.AndroidJUnitRunner.onStart(AndroidJUnitRunner.java:395)
	at android.app.Instrumentation$InstrumentationThread.run(Instrumentation.java:2205)
7) test1(com.example.test_app.similar.SimilarNameTest10)
java.lang.AssertionError
	at org.junit.Assert.fail(Assert.java:86)
	at org.junit.Assert.assertTrue(Assert.java:41)
	at org.junit.Assert.assertTrue(Assert.java:52)
	at com.example.test_app.BaseInstrumentedTest.testMethod(BaseInstrumentedTest.kt:36)
	at com.example.test_app.similar.SimilarNameTest10.test1(SimilarNameTest10.kt:12)
	at java.lang.reflect.Method.invoke(Native Method)
	at org.junit.runners.model.FrameworkMethod$1.runReflectiveCall(FrameworkMethod.java:50)
	at org.junit.internal.runners.model.ReflectiveCallable.run(ReflectiveCallable.java:12)
	at org.junit.runners.model.FrameworkMethod.invokeExplosively(FrameworkMethod.java:47)
	at org.junit.internal.runners.statements.InvokeMethod.evaluate(InvokeMethod.java:17)
	at androidx.test.rule.GrantPermissionRule$RequestPermissionStatement.evaluate(GrantPermissionRule.java:134)
	at androidx.test.rule.ActivityTestRule$ActivityStatement.evaluate(ActivityTestRule.java:531)
	at com.example.test_app.screenshot.ScreenshotTestRule$apply$1.evaluate(ScreenshotTestRule.kt:58)
	at org.junit.rules.RunRules.evaluate(RunRules.java:20)
	at org.junit.runners.ParentRunner.runLeaf(ParentRunner.java:325)
	at org.junit.runners.BlockJUnit4ClassRunner.runChild(BlockJUnit4ClassRunner.java:78)
	at org.junit.runners.BlockJUnit4ClassRunner.runChild(BlockJUnit4ClassRunner.java:57)
	at org.junit.runners.ParentRunner$3.run(ParentRunner.java:290)
	at org.junit.runners.ParentRunner$1.schedule(ParentRunner.java:71)
	at org.junit.runners.ParentRunner.runChildren(ParentRunner.java:288)
	at org.junit.runners.ParentRunner.access$000(ParentRunner.java:58)
	at org.junit.runners.ParentRunner$2.evaluate(ParentRunner.java:268)
	at org.junit.runners.ParentRunner.run(ParentRunner.java:363)
	at androidx.test.ext.junit.runners.AndroidJUnit4.run(AndroidJUnit4.java:154)
	at org.junit.runners.Suite.runChild(Suite.java:128)
	at org.junit.runners.Suite.runChild(Suite.java:27)
	at org.junit.runners.ParentRunner$3.run(ParentRunner.java:290)
	at org.junit.runners.ParentRunner$1.schedule(ParentRunner.java:71)
	at org.junit.runners.ParentRunner.runChildren(ParentRunner.java:288)
	at org.junit.runners.ParentRunner.access$000(ParentRunner.java:58)
	at org.junit.runners.ParentRunner$2.evaluate(ParentRunner.java:268)
	at org.junit.runners.ParentRunner.run(ParentRunner.java:363)
	at org.junit.runner.JUnitCore.run(JUnitCore.java:137)
	at org.junit.runner.JUnitCore.run(JUnitCore.java:115)
	at androidx.test.internal.runner.TestExecutor.execute(TestExecutor.java:56)
	at androidx.test.runner.AndroidJUnitRunner.onStart(AndroidJUnitRunner.java:395)
	at android.app.Instrumentation$InstrumentationThread.run(Instrumentation.java:2205)
8) test2(com.example.test_app.similar.SimilarNameTest10)
java.lang.AssertionError
	at org.junit.Assert.fail(Assert.java:86)
	at org.junit.Assert.assertTrue(Assert.java:41)
	at org.junit.Assert.assertTrue(Assert.java:52)
	at com.example.test_app.BaseInstrumentedTest.testMethod(BaseInstrumentedTest.kt:36)
	at com.example.test_app.similar.SimilarNameTest10.test2(SimilarNameTest10.kt:15)
	at java.lang.reflect.Method.invoke(Native Method)
	at org.junit.runners.model.FrameworkMethod$1.runReflectiveCall(FrameworkMethod.java:50)
	at org.junit.internal.runners.model.ReflectiveCallable.run(ReflectiveCallable.java:12)
	at org.junit.runners.model.FrameworkMethod.invokeExplosively(FrameworkMethod.java:47)
	at org.junit.internal.runners.statements.InvokeMethod.evaluate(InvokeMethod.java:17)
	at androidx.test.rule.GrantPermissionRule$RequestPermissionStatement.evaluate(GrantPermissionRule.java:134)
	at androidx.test.rule.ActivityTestRule$ActivityStatement.evaluate(ActivityTestRule.java:531)
	at com.example.test_app.screenshot.ScreenshotTestRule$apply$1.evaluate(ScreenshotTestRule.kt:58)
	at org.junit.rules.RunRules.evaluate(RunRules.java:20)
	at org.junit.runners.ParentRunner.runLeaf(ParentRunner.java:325)
	at org.junit.runners.BlockJUnit4ClassRunner.runChild(BlockJUnit4ClassRunner.java:78)
	at org.junit.runners.BlockJUnit4ClassRunner.runChild(BlockJUnit4ClassRunner.java:57)
	at org.junit.runners.ParentRunner$3.run(ParentRunner.java:290)
	at org.junit.runners.ParentRunner$1.schedule(ParentRunner.java:71)
	at org.junit.runners.ParentRunner.runChildren(ParentRunner.java:288)
	at org.junit.runners.ParentRunner.access$000(ParentRunner.java:58)
	at org.junit.runners.ParentRunner$2.evaluate(ParentRunner.java:268)
	at org.junit.runners.ParentRunner.run(ParentRunner.java:363)
	at androidx.test.ext.junit.runners.AndroidJUnit4.run(AndroidJUnit4.java:154)
	at org.junit.runners.Suite.runChild(Suite.java:128)
	at org.junit.runners.Suite.runChild(Suite.java:27)
	at org.junit.runners.ParentRunner$3.run(ParentRunner.java:290)
	at org.junit.runners.ParentRunner$1.schedule(ParentRunner.java:71)
	at org.junit.runners.ParentRunner.runChildren(ParentRunner.java:288)
	at org.junit.runners.ParentRunner.access$000(ParentRunner.java:58)
	at org.junit.runners.ParentRunner$2.evaluate(ParentRunner.java:268)
	at org.junit.runners.ParentRunner.run(ParentRunner.java:363)
	at org.junit.runner.JUnitCore.run(JUnitCore.java:137)
	at org.junit.runner.JUnitCore.run(JUnitCore.java:115)
	at androidx.test.internal.runner.TestExecutor.execute(TestExecutor.java:56)
	at androidx.test.runner.AndroidJUnitRunner.onStart(AndroidJUnitRunner.java:395)
	at android.app.Instrumentation$InstrumentationThread.run(Instrumentation.java:2205)
9) test19(com.example.test_app.similar.SimilarNameTest1)
java.lang.AssertionError
	at org.junit.Assert.fail(Assert.java:86)
	at org.junit.Assert.assertTrue(Assert.java:41)
	at org.junit.Assert.assertTrue(Assert.java:52)
	at com.example.test_app.BaseInstrumentedTest.testMethod(BaseInstrumentedTest.kt:36)
	at com.example.test_app.similar.SimilarNameTest1.test19(SimilarNameTest1.kt:18)
	at java.lang.reflect.Method.invoke(Native Method)
	at org.junit.runners.model.FrameworkMethod$1.runReflectiveCall(FrameworkMethod.java:50)
	at org.junit.internal.runners.model.ReflectiveCallable.run(ReflectiveCallable.java:12)
	at org.junit.runners.model.FrameworkMethod.invokeExplosively(FrameworkMethod.java:47)
	at org.junit.internal.runners.statements.InvokeMethod.evaluate(InvokeMethod.java:17)
	at androidx.test.rule.GrantPermissionRule$RequestPermissionStatement.evaluate(GrantPermissionRule.java:134)
	at androidx.test.rule.ActivityTestRule$ActivityStatement.evaluate(ActivityTestRule.java:531)
	at com.example.test_app.screenshot.ScreenshotTestRule$apply$1.evaluate(ScreenshotTestRule.kt:58)
	at org.junit.rules.RunRules.evaluate(RunRules.java:20)
	at org.junit.runners.ParentRunner.runLeaf(ParentRunner.java:325)
	at org.junit.runners.BlockJUnit4ClassRunner.runChild(BlockJUnit4ClassRunner.java:78)
	at org.junit.runners.BlockJUnit4ClassRunner.runChild(BlockJUnit4ClassRunner.java:57)
	at org.junit.runners.ParentRunner$3.run(ParentRunner.java:290)
	at org.junit.runners.ParentRunner$1.schedule(ParentRunner.java:71)
	at org.junit.runners.ParentRunner.runChildren(ParentRunner.java:288)
	at org.junit.runners.ParentRunner.access$000(ParentRunner.java:58)
	at org.junit.runners.ParentRunner$2.evaluate(ParentRunner.java:268)
	at org.junit.runners.ParentRunner.run(ParentRunner.java:363)
	at androidx.test.ext.junit.runners.AndroidJUnit4.run(AndroidJUnit4.java:154)
	at org.junit.runners.Suite.runChild(Suite.java:128)
	at org.junit.runners.Suite.runChild(Suite.java:27)
	at org.junit.runners.ParentRunner$3.run(ParentRunner.java:290)
	at org.junit.runners.ParentRunner$1.schedule(ParentRunner.java:71)
	at org.junit.runners.ParentRunner.runChildren(ParentRunner.java:288)
	at org.junit.runners.ParentRunner.access$000(ParentRunner.java:58)
	at org.junit.runners.ParentRunner$2.evaluate(ParentRunner.java:268)
	at org.junit.runners.ParentRunner.run(ParentRunner.java:363)
	at org.junit.runner.JUnitCore.run(JUnitCore.java:137)
	at org.junit.runner.JUnitCore.run(JUnitCore.java:115)
	at androidx.test.internal.runner.TestExecutor.execute(TestExecutor.java:56)
	at androidx.test.runner.AndroidJUnitRunner.onStart(AndroidJUnitRunner.java:395)
	at android.app.Instrumentation$InstrumentationThread.run(Instrumentation.java:2205)
10) test1(com.example.test_app.similar.SimilarNameTest1)
java.lang.AssertionError
	at org.junit.Assert.fail(Assert.java:86)
	at org.junit.Assert.assertTrue(Assert.java:41)
	at org.junit.Assert.assertTrue(Assert.java:52)
	at com.example.test_app.BaseInstrumentedTest.testMethod(BaseInstrumentedTest.kt:36)
	at com.example.test_app.similar.SimilarNameTest1.test1(SimilarNameTest1.kt:12)
	at java.lang.reflect.Method.invoke(Native Method)
	at org.junit.runners.model.FrameworkMethod$1.runReflectiveCall(FrameworkMethod.java:50)
	at org.junit.internal.runners.model.ReflectiveCallable.run(ReflectiveCallable.java:12)
	at org.junit.runners.model.FrameworkMethod.invokeExplosively(FrameworkMethod.java:47)
	at org.junit.internal.runners.statements.InvokeMethod.evaluate(InvokeMethod.java:17)
	at androidx.test.rule.GrantPermissionRule$RequestPermissionStatement.evaluate(GrantPermissionRule.java:134)
	at androidx.test.rule.ActivityTestRule$ActivityStatement.evaluate(ActivityTestRule.java:531)
	at com.example.test_app.screenshot.ScreenshotTestRule$apply$1.evaluate(ScreenshotTestRule.kt:58)
	at org.junit.rules.RunRules.evaluate(RunRules.java:20)
	at org.junit.runners.ParentRunner.runLeaf(ParentRunner.java:325)
	at org.junit.runners.BlockJUnit4ClassRunner.runChild(BlockJUnit4ClassRunner.java:78)
	at org.junit.runners.BlockJUnit4ClassRunner.runChild(BlockJUnit4ClassRunner.java:57)
	at org.junit.runners.ParentRunner$3.run(ParentRunner.java:290)
	at org.junit.runners.ParentRunner$1.schedule(ParentRunner.java:71)
	at org.junit.runners.ParentRunner.runChildren(ParentRunner.java:288)
	at org.junit.runners.ParentRunner.access$000(ParentRunner.java:58)
	at org.junit.runners.ParentRunner$2.evaluate(ParentRunner.java:268)
	at org.junit.runners.ParentRunner.run(ParentRunner.java:363)
	at androidx.test.ext.junit.runners.AndroidJUnit4.run(AndroidJUnit4.java:154)
	at org.junit.runners.Suite.runChild(Suite.java:128)
	at org.junit.runners.Suite.runChild(Suite.java:27)
	at org.junit.runners.ParentRunner$3.run(ParentRunner.java:290)
	at org.junit.runners.ParentRunner$1.schedule(ParentRunner.java:71)
	at org.junit.runners.ParentRunner.runChildren(ParentRunner.java:288)
	at org.junit.runners.ParentRunner.access$000(ParentRunner.java:58)
	at org.junit.runners.ParentRunner$2.evaluate(ParentRunner.java:268)
	at org.junit.runners.ParentRunner.run(ParentRunner.java:363)
	at org.junit.runner.JUnitCore.run(JUnitCore.java:137)
	at org.junit.runner.JUnitCore.run(JUnitCore.java:115)
	at androidx.test.internal.runner.TestExecutor.execute(TestExecutor.java:56)
	at androidx.test.runner.AndroidJUnitRunner.onStart(AndroidJUnitRunner.java:395)
	at android.app.Instrumentation$InstrumentationThread.run(Instrumentation.java:2205)
11) test2(com.example.test_app.similar.SimilarNameTest1)
java.lang.AssertionError
	at org.junit.Assert.fail(Assert.java:86)
	at org.junit.Assert.assertTrue(Assert.java:41)
	at org.junit.Assert.assertTrue(Assert.java:52)
	at com.example.test_app.BaseInstrumentedTest.testMethod(BaseInstrumentedTest.kt:36)
	at com.example.test_app.similar.SimilarNameTest1.test2(SimilarNameTest1.kt:15)
	at java.lang.reflect.Method.invoke(Native Method)
	at org.junit.runners.model.FrameworkMethod$1.runReflectiveCall(FrameworkMethod.java:50)
	at org.junit.internal.runners.model.ReflectiveCallable.run(ReflectiveCallable.java:12)
	at org.junit.runners.model.FrameworkMethod.invokeExplosively(FrameworkMethod.java:47)
	at org.junit.internal.runners.statements.InvokeMethod.evaluate(InvokeMethod.java:17)
	at androidx.test.rule.GrantPermissionRule$RequestPermissionStatement.evaluate(GrantPermissionRule.java:134)
	at androidx.test.rule.ActivityTestRule$ActivityStatement.evaluate(ActivityTestRule.java:531)
	at com.example.test_app.screenshot.ScreenshotTestRule$apply$1.evaluate(ScreenshotTestRule.kt:58)
	at org.junit.rules.RunRules.evaluate(RunRules.java:20)
	at org.junit.runners.ParentRunner.runLeaf(ParentRunner.java:325)
	at org.junit.runners.BlockJUnit4ClassRunner.runChild(BlockJUnit4ClassRunner.java:78)
	at org.junit.runners.BlockJUnit4ClassRunner.runChild(BlockJUnit4ClassRunner.java:57)
	at org.junit.runners.ParentRunner$3.run(ParentRunner.java:290)
	at org.junit.runners.ParentRunner$1.schedule(ParentRunner.java:71)
	at org.junit.runners.ParentRunner.runChildren(ParentRunner.java:288)
	at org.junit.runners.ParentRunner.access$000(ParentRunner.java:58)
	at org.junit.runners.ParentRunner$2.evaluate(ParentRunner.java:268)
	at org.junit.runners.ParentRunner.run(ParentRunner.java:363)
	at androidx.test.ext.junit.runners.AndroidJUnit4.run(AndroidJUnit4.java:154)
	at org.junit.runners.Suite.runChild(Suite.java:128)
	at org.junit.runners.Suite.runChild(Suite.java:27)
	at org.junit.runners.ParentRunner$3.run(ParentRunner.java:290)
	at org.junit.runners.ParentRunner$1.schedule(ParentRunner.java:71)
	at org.junit.runners.ParentRunner.runChildren(ParentRunner.java:288)
	at org.junit.runners.ParentRunner.access$000(ParentRunner.java:58)
	at org.junit.runners.ParentRunner$2.evaluate(ParentRunner.java:268)
	at org.junit.runners.ParentRunner.run(ParentRunner.java:363)
	at org.junit.runner.JUnitCore.run(JUnitCore.java:137)
	at org.junit.runner.JUnitCore.run(JUnitCore.java:115)
	at androidx.test.internal.runner.TestExecutor.execute(TestExecutor.java:56)
	at androidx.test.runner.AndroidJUnitRunner.onStart(AndroidJUnitRunner.java:395)
	at android.app.Instrumentation$InstrumentationThread.run(Instrumentation.java:2205)

FAILURES!!!
Tests run: 26,  Failures: 11


INSTRUMENTATION_CODE: -1
