<?xml version='1.0' encoding='UTF-8' ?>
<testsuite name="" tests="2" failures="1" errors="0" skipped="0" time="10.38" timestamp="2018-09-09T00:16:49"
           hostname="localhost">
    <properties/>
    <testcase name="testFails" classname="com.example.app.ExampleUiTest" time="1.515">
        <failure>junit.framework.AssertionFailedError: expected:&lt;true&gt; but was:&lt;false&gt;
            at junit.framework.Assert.fail(Assert.java:50)
            at junit.framework.Assert.failNotEquals(Assert.java:287)
            at junit.framework.Assert.assertEquals(Assert.java:67)
            at junit.framework.Assert.assertEquals(Assert.java:147)
            at junit.framework.Assert.assertEquals(Assert.java:153)
            at com.example.app.ExampleUiTest.testFails(ExampleUiTest.java:34)
            at java.lang.reflect.Method.invoke(Native Method)
            at org.junit.runners.model.FrameworkMethod$1.runReflectiveCall(FrameworkMethod.java:50)
            at org.junit.internal.runners.model.ReflectiveCallable.run(ReflectiveCallable.java:12)
            at org.junit.runners.model.FrameworkMethod.invokeExplosively(FrameworkMethod.java:47)
            at org.junit.internal.runners.statements.InvokeMethod.evaluate(InvokeMethod.java:17)
            at
            android.support.test.rule.GrantPermissionRule$RequestPermissionStatement.evaluate(GrantPermissionRule.java:108)
            at com.instructure.espresso.ScreenshotTestRule$1.evaluate(ScreenshotTestRule.java:68)
            at org.junit.rules.RunRules.evaluate(RunRules.java:20)
            at org.junit.runners.ParentRunner.runLeaf(ParentRunner.java:325)
            at org.junit.runners.BlockJUnit4ClassRunner.runChild(BlockJUnit4ClassRunner.java:78)
            at org.junit.runners.BlockJUnit4ClassRunner.runChild(BlockJUnit4ClassRunner.java:57)
            at org.junit.runners.ParentRunner$3.run(ParentRunner.java:290)
            at org.junit.runners.ParentRunner$1.schedule(ParentRunner.java:71)
            at org.junit.runners.ParentRunner.runChildren(ParentRunner.java:288)
            at org.junit.runners.ParentRunner.access$000(ParentRunner.java:58)
            at org.junit.runners.ParentRunner$2.evaluate(ParentRunner.java:268)
            at org.junit.runners.ParentRunner.run(ParentRunner.java:363)
            at android.support.test.runner.AndroidJUnit4.run(AndroidJUnit4.java:101)
            at org.junit.runners.Suite.runChild(Suite.java:128)
            at org.junit.runners.Suite.runChild(Suite.java:27)
            at org.junit.runners.ParentRunner$3.run(ParentRunner.java:290)
            at org.junit.runners.ParentRunner$1.schedule(ParentRunner.java:71)
            at org.junit.runners.ParentRunner.runChildren(ParentRunner.java:288)
            at org.junit.runners.ParentRunner.access$000(ParentRunner.java:58)
            at org.junit.runners.ParentRunner$2.evaluate(ParentRunner.java:268)
            at org.junit.runners.ParentRunner.run(ParentRunner.java:363)
            at org.junit.runner.JUnitCore.run(JUnitCore.java:137)
            at org.junit.runner.JUnitCore.run(JUnitCore.java:115)
            at android.support.test.internal.runner.TestExecutor.execute(TestExecutor.java:56)
            at android.support.test.runner.AndroidJUnitRunner.onStart(AndroidJUnitRunner.java:385)
            at android.app.Instrumentation$InstrumentationThread.run(Instrumentation.java:2075)
        </failure>
    </testcase>
    <testcase name="testPasses" classname="com.example.app.ExampleUiTest" time="1.339"/>
</testsuite>
